{"level":"info","message":"    {\"url\": \"/boards\", \"body\": \"{\"title\":\"Autotest board\",\"columns\":[{\"title\":\"Backlog\",\"order\":1},{\"title\":\"Sprint\",\"order\":2}]}\", \"query\": \"{}\"}\n"}
{"level":"info","message":"    {\"url\": \"/users\", \"body\": \"{}\", \"query\": \"{}\"}\n"}
{"level":"info","message":"    {\"url\": \"/boards\", \"body\": \"{\"title\":\"Autotest board\",\"columns\":[{\"title\":\"Backlog\",\"order\":1},{\"title\":\"Sprint\",\"order\":2}]}\", \"query\": \"{}\"}\n"}
{"level":"info","message":"    {\"url\": \"/boards\", \"body\": \"{}\", \"query\": \"{}\"}\n"}
{"level":"info","message":"    {\"url\": \"/boards/fbbaa112-b183-4cae-8570-0f449536919a/tasks\", \"body\": \"{\"title\":\"Autotest task\",\"order\":0,\"description\":\"Lorem ipsum\",\"userId\":null,\"boardId\":null,\"columnId\":null}\", \"query\": \"{}\"}\n"}
{"level":"info","message":"    {\"url\": \"/boards\", \"body\": \"{}\", \"query\": \"{}\"}\n"}
{"level":"info","message":"    {\"url\": \"/users\", \"body\": \"{\"name\":\"TEST_USER\",\"login\":\"test_user\",\"password\":\"T35t_P@55w0rd\"}\", \"query\": \"{}\"}\n"}
{"level":"info","message":"    {\"url\": \"/boards/fbbaa112-b183-4cae-8570-0f449536919a/tasks\", \"body\": \"{}\", \"query\": \"{}\"}\n"}
{"level":"info","message":"    {\"url\": \"/boards/25b9ec61-999c-4543-8734-2222355676c0\", \"body\": \"{}\", \"query\": \"{}\"}\n"}
{"level":"info","message":"    {\"url\": \"/users/693f23a4-d558-4659-8b44-c04b821d03d1\", \"body\": \"{}\", \"query\": \"{}\"}\n"}
{"level":"info","message":"    {\"url\": \"/boards\", \"body\": \"{\"title\":\"Autotest board\",\"columns\":[{\"title\":\"Backlog\",\"order\":1},{\"title\":\"Sprint\",\"order\":2}]}\", \"query\": \"{}\"}\n"}
{"level":"info","message":"    {\"url\": \"/boards/fbbaa112-b183-4cae-8570-0f449536919a/tasks\", \"body\": \"{}\", \"query\": \"{}\"}\n"}
{"level":"info","message":"    {\"url\": \"/users/693f23a4-d558-4659-8b44-c04b821d03d1\", \"body\": \"{}\", \"query\": \"{}\"}\n"}
{"message":"   Error message: user was not found. Status 500","level":"error"}
{"level":"info","message":"    {\"url\": \"/boards/3f3a7671-ae01-43ec-83f7-dde446bbaf6a/tasks/7ff04ecc-63a5-4720-966e-2e95bb43b51c\", \"body\": \"{}\", \"query\": \"{}\"}\n"}
{"level":"info","message":"    {\"url\": \"/users\", \"body\": \"{\"name\":\"TEST_USER\",\"login\":\"test_user\",\"password\":\"T35t_P@55w0rd\"}\", \"query\": \"{}\"}\n"}
{"level":"info","message":"    {\"url\": \"/boards/0882a948-b067-485a-9a14-66e5b0af5daa\", \"body\": \"{}\", \"query\": \"{}\"}\n"}
{"level":"info","message":"    {\"url\": \"/boards/fbbaa112-b183-4cae-8570-0f449536919a/tasks\", \"body\": \"{\"title\":\"Autotest task\",\"order\":0,\"description\":\"Lorem ipsum\",\"userId\":null,\"boardId\":null,\"columnId\":null}\", \"query\": \"{}\"}\n"}
{"level":"info","message":"    {\"url\": \"/boards\", \"body\": \"{\"title\":\"Autotest board\",\"columns\":[{\"title\":\"Backlog\",\"order\":1},{\"title\":\"Sprint\",\"order\":2}]}\", \"query\": \"{}\"}\n"}
{"level":"info","message":"    {\"url\": \"/users/e3712b6b-6b77-4835-959c-e1badde9ba4e\", \"body\": \"{}\", \"query\": \"{}\"}\n"}
{"message":"   Error message: user was not found. Status 500","level":"error"}
{"level":"info","message":"    {\"url\": \"/boards/fbbaa112-b183-4cae-8570-0f449536919a/tasks/471499da-d96b-4982-be56-43f480714688\", \"body\": \"{}\", \"query\": \"{}\"}\n"}
{"level":"info","message":"    {\"url\": \"/boards/ab34d5c2-d2ca-47c4-addc-1513fc0a0e1b\", \"body\": \"{\"columns\":[{\"title\":\"Backlog\",\"order\":1},{\"title\":\"Sprint\",\"order\":2}],\"title\":\"Autotest updated board\",\"id\":\"ab34d5c2-d2ca-47c4-addc-1513fc0a0e1b\"}\", \"query\": \"{}\"}\n"}
{"level":"info","message":"    {\"url\": \"/users\", \"body\": \"{\"name\":\"TEST_USER\",\"login\":\"test_user\",\"password\":\"T35t_P@55w0rd\"}\", \"query\": \"{}\"}\n"}
{"level":"info","message":"    {\"url\": \"/boards/ab34d5c2-d2ca-47c4-addc-1513fc0a0e1b\", \"body\": \"{}\", \"query\": \"{}\"}\n"}
{"level":"info","message":"    {\"url\": \"/boards/fbbaa112-b183-4cae-8570-0f449536919a/tasks\", \"body\": \"{\"title\":\"Autotest task\",\"order\":0,\"description\":\"Lorem ipsum\",\"userId\":null,\"boardId\":null,\"columnId\":null}\", \"query\": \"{}\"}\n"}
{"level":"info","message":"    {\"url\": \"/users/503d3b20-b42d-48ac-b05c-272f1a23440a\", \"body\": \"{\"name\":\"Autotest updated TEST_USER\",\"login\":\"test_user\",\"password\":\"T35t_P@55w0rd\",\"id\":\"503d3b20-b42d-48ac-b05c-272f1a23440a\"}\", \"query\": \"{}\"}\n"}
{"level":"info","message":"    {\"url\": \"/boards/fbbaa112-b183-4cae-8570-0f449536919a/tasks/d15a2281-1de5-40f0-81d5-b99a7bc1ad22\", \"body\": \"{\"title\":\"Autotest updated task\",\"order\":0,\"description\":\"Lorem ipsum\",\"userId\":null,\"boardId\":\"fbbaa112-b183-4cae-8570-0f449536919a\",\"columnId\":null,\"id\":\"d15a2281-1de5-40f0-81d5-b99a7bc1ad22\"}\", \"query\": \"{}\"}\n"}
{"level":"info","message":"    {\"url\": \"/boards/ab34d5c2-d2ca-47c4-addc-1513fc0a0e1b\", \"body\": \"{}\", \"query\": \"{}\"}\n"}
{"level":"info","message":"    {\"url\": \"/users/503d3b20-b42d-48ac-b05c-272f1a23440a\", \"body\": \"{}\", \"query\": \"{}\"}\n"}
{"level":"info","message":"    {\"url\": \"/boards/fbbaa112-b183-4cae-8570-0f449536919a/tasks/d15a2281-1de5-40f0-81d5-b99a7bc1ad22\", \"body\": \"{}\", \"query\": \"{}\"}\n"}
{"level":"info","message":"    {\"url\": \"/boards\", \"body\": \"{}\", \"query\": \"{}\"}\n"}
{"level":"info","message":"    {\"url\": \"/boards/fbbaa112-b183-4cae-8570-0f449536919a/tasks/7f1616c2-4aec-4b4b-9140-881877dda863\", \"body\": \"{}\", \"query\": \"{}\"}\n"}
{"level":"info","message":"    {\"url\": \"/users/503d3b20-b42d-48ac-b05c-272f1a23440a\", \"body\": \"{}\", \"query\": \"{}\"}\n"}
{"message":"   Error message: user was not found. Status 500","level":"error"}
{"level":"info","message":"    {\"url\": \"/boards/fbbaa112-b183-4cae-8570-0f449536919a/tasks/7f1616c2-4aec-4b4b-9140-881877dda863\", \"body\": \"{}\", \"query\": \"{}\"}\n"}
{"level":"info","message":"    {\"url\": \"/boards/25b9ec61-999c-4543-8734-2222355676c0\", \"body\": \"{}\", \"query\": \"{}\"}\n"}
{"message":"   Error message: Not Found. Status 404","level":"error"}
{"level":"info","message":"    {\"url\": \"/boards/fbbaa112-b183-4cae-8570-0f449536919a/tasks/7f1616c2-4aec-4b4b-9140-881877dda863\", \"body\": \"{}\", \"query\": \"{}\"}\n"}
{"level":"info","message":"    {\"url\": \"/users\", \"body\": \"{\"name\":\"TEST_USER\",\"login\":\"test_user\",\"password\":\"T35t_P@55w0rd\"}\", \"query\": \"{}\"}\n"}
{"message":"   Error message: Not Found. Status 404","level":"error"}
{"level":"info","message":"    {\"url\": \"/boards/25b9ec61-999c-4543-8734-2222355676c0\", \"body\": \"{}\", \"query\": \"{}\"}\n"}
{"level":"info","message":"    {\"url\": \"/boards/fbbaa112-b183-4cae-8570-0f449536919a\", \"body\": \"{}\", \"query\": \"{}\"}\n"}
{"level":"info","message":"    {\"url\": \"/boards\", \"body\": \"{\"title\":\"Autotest board\",\"columns\":[{\"title\":\"Backlog\",\"order\":1},{\"title\":\"Sprint\",\"order\":2}]}\", \"query\": \"{}\"}\n"}
{"level":"info","message":"    {\"url\": \"/users/05a0269b-726c-436e-99a3-8dff0fb4f866\", \"body\": \"{}\", \"query\": \"{}\"}\n"}
{"message":"   Error message: user was not found. Status 500","level":"error"}
{"level":"info","message":"    {\"url\": \"/boards/5aad69cb-9357-4e2c-b936-f374b226005c/tasks\", \"body\": \"{\"title\":\"Task #2\",\"order\":2,\"description\":\"Lorem ipsum\",\"boardId\":\"5aad69cb-9357-4e2c-b936-f374b226005c\",\"userId\":null,\"columnId\":null}\", \"query\": \"{}\"}\n"}
{"level":"info","message":"    {\"url\": \"/boards/5aad69cb-9357-4e2c-b936-f374b226005c/tasks\", \"body\": \"{\"title\":\"Task #1\",\"order\":1,\"description\":\"Lorem ipsum\",\"boardId\":\"5aad69cb-9357-4e2c-b936-f374b226005c\",\"userId\":null,\"columnId\":null}\", \"query\": \"{}\"}\n"}
{"level":"info","message":"    {\"url\": \"/boards/5aad69cb-9357-4e2c-b936-f374b226005c/tasks\", \"body\": \"{\"title\":\"Task #3\",\"order\":3,\"description\":\"Lorem ipsum\",\"boardId\":\"5aad69cb-9357-4e2c-b936-f374b226005c\",\"userId\":null,\"columnId\":null}\", \"query\": \"{}\"}\n"}
{"level":"info","message":"    {\"url\": \"/boards/5aad69cb-9357-4e2c-b936-f374b226005c/tasks\", \"body\": \"{\"title\":\"Task #4\",\"order\":4,\"description\":\"Lorem ipsum\",\"boardId\":\"5aad69cb-9357-4e2c-b936-f374b226005c\",\"userId\":null,\"columnId\":null}\", \"query\": \"{}\"}\n"}
{"level":"info","message":"    {\"url\": \"/boards/5aad69cb-9357-4e2c-b936-f374b226005c/tasks\", \"body\": \"{\"title\":\"Task #5\",\"order\":5,\"description\":\"Lorem ipsum\",\"boardId\":\"5aad69cb-9357-4e2c-b936-f374b226005c\",\"userId\":null,\"columnId\":null}\", \"query\": \"{}\"}\n"}
{"level":"info","message":"    {\"url\": \"/users\", \"body\": \"{\"name\":\"TEST_USER\",\"login\":\"test_user\",\"password\":\"T35t_P@55w0rd\"}\", \"query\": \"{}\"}\n"}
{"level":"info","message":"    {\"url\": \"/boards/5aad69cb-9357-4e2c-b936-f374b226005c/tasks/d9d1cdaa-991b-470f-a340-b6f38feddba8\", \"body\": \"{}\", \"query\": \"{}\"}\n"}
{"level":"info","message":"    {\"url\": \"/boards/5aad69cb-9357-4e2c-b936-f374b226005c/tasks/2d3e57c2-e661-4818-ac63-62608e94c6ff\", \"body\": \"{}\", \"query\": \"{}\"}\n"}
{"level":"info","message":"    {\"url\": \"/boards/5aad69cb-9357-4e2c-b936-f374b226005c/tasks/9198212c-69e4-4cf2-b631-1ef2ecc12d49\", \"body\": \"{}\", \"query\": \"{}\"}\n"}
{"level":"info","message":"    {\"url\": \"/boards/5aad69cb-9357-4e2c-b936-f374b226005c/tasks/0a29616c-16eb-4c26-b385-7edd5c342438\", \"body\": \"{}\", \"query\": \"{}\"}\n"}
{"level":"info","message":"    {\"url\": \"/boards/5aad69cb-9357-4e2c-b936-f374b226005c/tasks/ced4bfa8-18aa-4282-a0a0-88514a2e872c\", \"body\": \"{}\", \"query\": \"{}\"}\n"}
{"level":"info","message":"    {\"url\": \"/boards\", \"body\": \"{\"title\":\"Autotest board\",\"columns\":[{\"title\":\"Backlog\",\"order\":1},{\"title\":\"Sprint\",\"order\":2}]}\", \"query\": \"{}\"}\n"}
{"level":"info","message":"    {\"url\": \"/boards/c38bd9ed-bb81-40ae-a057-62719b6ec3b3/tasks\", \"body\": \"{\"title\":\"Task #1\",\"order\":1,\"description\":\"Lorem ipsum\",\"userId\":\"45584a39-6039-44ca-8a03-2954156b9833\",\"boardId\":\"c38bd9ed-bb81-40ae-a057-62719b6ec3b3\"}\", \"query\": \"{}\"}\n"}
{"level":"info","message":"    {\"url\": \"/boards/c38bd9ed-bb81-40ae-a057-62719b6ec3b3/tasks\", \"body\": \"{\"title\":\"Task #2\",\"order\":2,\"description\":\"Lorem ipsum\",\"userId\":\"45584a39-6039-44ca-8a03-2954156b9833\",\"boardId\":\"c38bd9ed-bb81-40ae-a057-62719b6ec3b3\"}\", \"query\": \"{}\"}\n"}
{"level":"info","message":"    {\"url\": \"/boards/5aad69cb-9357-4e2c-b936-f374b226005c\", \"body\": \"{}\", \"query\": \"{}\"}\n"}
{"message":"   Error message: Not Found. Status 404","level":"error"}
{"level":"info","message":"    {\"url\": \"/boards/5aad69cb-9357-4e2c-b936-f374b226005c/tasks/d9d1cdaa-991b-470f-a340-b6f38feddba8\", \"body\": \"{}\", \"query\": \"{}\"}\n"}
{"message":"   Error message: Not Found. Status 404","level":"error"}
{"level":"info","message":"    {\"url\": \"/boards/5aad69cb-9357-4e2c-b936-f374b226005c/tasks/9198212c-69e4-4cf2-b631-1ef2ecc12d49\", \"body\": \"{}\", \"query\": \"{}\"}\n"}
{"message":"   Error message: Not Found. Status 404","level":"error"}
{"level":"info","message":"    {\"url\": \"/boards/5aad69cb-9357-4e2c-b936-f374b226005c/tasks/0a29616c-16eb-4c26-b385-7edd5c342438\", \"body\": \"{}\", \"query\": \"{}\"}\n"}
{"message":"   Error message: Not Found. Status 404","level":"error"}
{"level":"info","message":"    {\"url\": \"/boards/5aad69cb-9357-4e2c-b936-f374b226005c/tasks/2d3e57c2-e661-4818-ac63-62608e94c6ff\", \"body\": \"{}\", \"query\": \"{}\"}\n"}
{"message":"   Error message: Not Found. Status 404","level":"error"}
{"level":"info","message":"    {\"url\": \"/boards/5aad69cb-9357-4e2c-b936-f374b226005c/tasks/ced4bfa8-18aa-4282-a0a0-88514a2e872c\", \"body\": \"{}\", \"query\": \"{}\"}\n"}
{"level":"info","message":"    {\"url\": \"/users/45584a39-6039-44ca-8a03-2954156b9833\", \"body\": \"{}\", \"query\": \"{}\"}\n"}
{"message":"   Error message: user was not found. Status 500","level":"error"}
{"level":"info","message":"    {\"url\": \"/boards/c38bd9ed-bb81-40ae-a057-62719b6ec3b3/tasks/1ae06326-7c9b-4eeb-ae11-2b8587353892\", \"body\": \"{}\", \"query\": \"{}\"}\n"}
{"level":"info","message":"    {\"url\": \"/boards\", \"body\": \"{\"title\":\"Autotest board\",\"columns\":[{\"title\":\"Backlog\",\"order\":1},{\"title\":\"Sprint\",\"order\":2}]}\", \"query\": \"{}\"}\n"}
{"level":"info","message":"    {\"url\": \"/users\", \"body\": \"{}\", \"query\": \"{}\"}\n"}
{"level":"info","message":"    {\"url\": \"/boards\", \"body\": \"{\"title\":\"Autotest board\",\"columns\":[{\"title\":\"Backlog\",\"order\":1},{\"title\":\"Sprint\",\"order\":2}]}\", \"query\": \"{}\"}\n"}
{"level":"info","message":"    {\"url\": \"/boards/f482a438-b20a-4070-8c82-d25788da326f/tasks\", \"body\": \"{\"title\":\"Autotest task\",\"order\":0,\"description\":\"Lorem ipsum\",\"userId\":null,\"boardId\":null,\"columnId\":null}\", \"query\": \"{}\"}\n"}
{"level":"info","message":"    {\"url\": \"/users\", \"body\": \"{\"name\":\"TEST_USER\",\"login\":\"test_user\",\"password\":\"T35t_P@55w0rd\"}\", \"query\": \"{}\"}\n"}
{"level":"info","message":"    {\"url\": \"/boards/f482a438-b20a-4070-8c82-d25788da326f/tasks\", \"body\": \"{}\", \"query\": \"{}\"}\n"}
{"level":"info","message":"    {\"url\": \"/boards\", \"body\": \"{}\", \"query\": \"{}\"}\n"}
{"level":"info","message":"    {\"url\": \"/users/486a5528-3f5a-426f-b797-a529867e4a83\", \"body\": \"{}\", \"query\": \"{}\"}\n"}
{"level":"info","message":"    {\"url\": \"/boards/f482a438-b20a-4070-8c82-d25788da326f/tasks\", \"body\": \"{}\", \"query\": \"{}\"}\n"}
{"level":"info","message":"    {\"url\": \"/boards\", \"body\": \"{}\", \"query\": \"{}\"}\n"}
{"level":"info","message":"    {\"url\": \"/boards/3f3a7671-ae01-43ec-83f7-dde446bbaf6a/tasks/7ff04ecc-63a5-4720-966e-2e95bb43b51c\", \"body\": \"{}\", \"query\": \"{}\"}\n"}
{"level":"info","message":"    {\"url\": \"/boards/ebf00f2c-fd2c-467c-844e-578809dc4b6c\", \"body\": \"{}\", \"query\": \"{}\"}\n"}
{"level":"info","message":"    {\"url\": \"/users/486a5528-3f5a-426f-b797-a529867e4a83\", \"body\": \"{}\", \"query\": \"{}\"}\n"}
{"message":"   Error message: user was not found. Status 500","level":"error"}
{"level":"info","message":"    {\"url\": \"/boards/f482a438-b20a-4070-8c82-d25788da326f/tasks\", \"body\": \"{\"title\":\"Autotest task\",\"order\":0,\"description\":\"Lorem ipsum\",\"userId\":null,\"boardId\":null,\"columnId\":null}\", \"query\": \"{}\"}\n"}
{"level":"info","message":"    {\"url\": \"/boards\", \"body\": \"{\"title\":\"Autotest board\",\"columns\":[{\"title\":\"Backlog\",\"order\":1},{\"title\":\"Sprint\",\"order\":2}]}\", \"query\": \"{}\"}\n"}
{"level":"info","message":"    {\"url\": \"/users\", \"body\": \"{\"name\":\"TEST_USER\",\"login\":\"test_user\",\"password\":\"T35t_P@55w0rd\"}\", \"query\": \"{}\"}\n"}
{"level":"info","message":"    {\"url\": \"/boards/f482a438-b20a-4070-8c82-d25788da326f/tasks\", \"body\": \"{\"title\":\"Autotest task\",\"order\":0,\"description\":\"Lorem ipsum\",\"userId\":null,\"boardId\":null,\"columnId\":null}\", \"query\": \"{}\"}\n"}
{"level":"info","message":"    {\"url\": \"/boards/e1e7f005-e0dc-4c3c-b5b3-8d57593e27a8\", \"body\": \"{}\", \"query\": \"{}\"}\n"}
{"level":"info","message":"    {\"url\": \"/users/100e33f1-0b6e-47bf-8ac5-01a7286c708b\", \"body\": \"{}\", \"query\": \"{}\"}\n"}
{"message":"   Error message: user was not found. Status 500","level":"error"}
{"level":"info","message":"    {\"url\": \"/boards/null/tasks/798f50ab-3671-41c8-951c-3196318f4cbc\", \"body\": \"{\"title\":\"Autotest updated task\",\"order\":0,\"description\":\"Lorem ipsum\",\"userId\":null,\"boardId\":null,\"columnId\":null,\"id\":\"798f50ab-3671-41c8-951c-3196318f4cbc\"}\", \"query\": \"{}\"}\n"}
{"level":"info","message":"    {\"url\": \"/boards\", \"body\": \"{\"title\":\"Autotest board\",\"columns\":[{\"title\":\"Backlog\",\"order\":1},{\"title\":\"Sprint\",\"order\":2}]}\", \"query\": \"{}\"}\n"}
{"level":"info","message":"    {\"url\": \"/users\", \"body\": \"{\"name\":\"TEST_USER\",\"login\":\"test_user\",\"password\":\"T35t_P@55w0rd\"}\", \"query\": \"{}\"}\n"}
{"level":"info","message":"    {\"url\": \"/boards/null/tasks/798f50ab-3671-41c8-951c-3196318f4cbc\", \"body\": \"{}\", \"query\": \"{}\"}\n"}
{"level":"info","message":"    {\"url\": \"/boards/0cc1c68d-1303-423f-9b24-8a581c2e7826\", \"body\": \"{\"columns\":[{\"title\":\"Backlog\",\"order\":1},{\"title\":\"Sprint\",\"order\":2}],\"title\":\"Autotest updated board\",\"id\":\"0cc1c68d-1303-423f-9b24-8a581c2e7826\"}\", \"query\": \"{}\"}\n"}
{"level":"info","message":"    {\"url\": \"/users/90a1afa5-72b9-4a51-994c-c9074b7e8619\", \"body\": \"{\"name\":\"Autotest updated TEST_USER\",\"login\":\"test_user\",\"password\":\"T35t_P@55w0rd\",\"id\":\"90a1afa5-72b9-4a51-994c-c9074b7e8619\"}\", \"query\": \"{}\"}\n"}
{"level":"info","message":"    {\"url\": \"/boards/f482a438-b20a-4070-8c82-d25788da326f/tasks/d959471e-b514-433d-8932-4df9c10c3935\", \"body\": \"{}\", \"query\": \"{}\"}\n"}
{"level":"info","message":"    {\"url\": \"/boards/0cc1c68d-1303-423f-9b24-8a581c2e7826\", \"body\": \"{}\", \"query\": \"{}\"}\n"}
{"level":"info","message":"    {\"url\": \"/users/90a1afa5-72b9-4a51-994c-c9074b7e8619\", \"body\": \"{}\", \"query\": \"{}\"}\n"}
{"level":"info","message":"    {\"url\": \"/boards/f482a438-b20a-4070-8c82-d25788da326f/tasks/d959471e-b514-433d-8932-4df9c10c3935\", \"body\": \"{}\", \"query\": \"{}\"}\n"}
{"message":"   Error message: Not Found. Status 404","level":"error"}
{"level":"info","message":"    {\"url\": \"/boards/f482a438-b20a-4070-8c82-d25788da326f/tasks/d959471e-b514-433d-8932-4df9c10c3935\", \"body\": \"{}\", \"query\": \"{}\"}\n"}
{"level":"info","message":"    {\"url\": \"/boards/0cc1c68d-1303-423f-9b24-8a581c2e7826\", \"body\": \"{}\", \"query\": \"{}\"}\n"}
{"level":"info","message":"    {\"url\": \"/users/90a1afa5-72b9-4a51-994c-c9074b7e8619\", \"body\": \"{}\", \"query\": \"{}\"}\n"}
{"message":"   Error message: user was not found. Status 500","level":"error"}
{"level":"info","message":"    {\"url\": \"/boards\", \"body\": \"{}\", \"query\": \"{}\"}\n"}
{"level":"info","message":"    {\"url\": \"/boards/f482a438-b20a-4070-8c82-d25788da326f\", \"body\": \"{}\", \"query\": \"{}\"}\n"}
{"level":"info","message":"    {\"url\": \"/users\", \"body\": \"{\"name\":\"TEST_USER\",\"login\":\"test_user\",\"password\":\"T35t_P@55w0rd\"}\", \"query\": \"{}\"}\n"}
{"level":"info","message":"    {\"url\": \"/boards/ebf00f2c-fd2c-467c-844e-578809dc4b6c\", \"body\": \"{}\", \"query\": \"{}\"}\n"}
{"message":"   Error message: Not Found. Status 404","level":"error"}
{"level":"info","message":"    {\"url\": \"/boards/ebf00f2c-fd2c-467c-844e-578809dc4b6c\", \"body\": \"{}\", \"query\": \"{}\"}\n"}
{"level":"info","message":"    {\"url\": \"/users/1768903d-08e8-4e39-87a5-ccbb06212dab\", \"body\": \"{}\", \"query\": \"{}\"}\n"}
{"message":"   Error message: user was not found. Status 500","level":"error"}
{"level":"info","message":"    {\"url\": \"/boards\", \"body\": \"{\"title\":\"Autotest board\",\"columns\":[{\"title\":\"Backlog\",\"order\":1},{\"title\":\"Sprint\",\"order\":2}]}\", \"query\": \"{}\"}\n"}
{"level":"info","message":"    {\"url\": \"/users\", \"body\": \"{\"name\":\"TEST_USER\",\"login\":\"test_user\",\"password\":\"T35t_P@55w0rd\"}\", \"query\": \"{}\"}\n"}
{"level":"info","message":"    {\"url\": \"/boards/aa7c2e6b-f725-4477-aadc-fd9766a4a744/tasks\", \"body\": \"{\"title\":\"Task #1\",\"order\":1,\"description\":\"Lorem ipsum\",\"boardId\":\"aa7c2e6b-f725-4477-aadc-fd9766a4a744\",\"userId\":null,\"columnId\":null}\", \"query\": \"{}\"}\n"}
{"level":"info","message":"    {\"url\": \"/boards/aa7c2e6b-f725-4477-aadc-fd9766a4a744/tasks\", \"body\": \"{\"title\":\"Task #4\",\"order\":4,\"description\":\"Lorem ipsum\",\"boardId\":\"aa7c2e6b-f725-4477-aadc-fd9766a4a744\",\"userId\":null,\"columnId\":null}\", \"query\": \"{}\"}\n"}
{"level":"info","message":"    {\"url\": \"/boards/aa7c2e6b-f725-4477-aadc-fd9766a4a744/tasks\", \"body\": \"{\"title\":\"Task #2\",\"order\":2,\"description\":\"Lorem ipsum\",\"boardId\":\"aa7c2e6b-f725-4477-aadc-fd9766a4a744\",\"userId\":null,\"columnId\":null}\", \"query\": \"{}\"}\n"}
{"level":"info","message":"    {\"url\": \"/boards/aa7c2e6b-f725-4477-aadc-fd9766a4a744/tasks\", \"body\": \"{\"title\":\"Task #3\",\"order\":3,\"description\":\"Lorem ipsum\",\"boardId\":\"aa7c2e6b-f725-4477-aadc-fd9766a4a744\",\"userId\":null,\"columnId\":null}\", \"query\": \"{}\"}\n"}
{"level":"info","message":"    {\"url\": \"/boards/aa7c2e6b-f725-4477-aadc-fd9766a4a744/tasks\", \"body\": \"{\"title\":\"Task #5\",\"order\":5,\"description\":\"Lorem ipsum\",\"boardId\":\"aa7c2e6b-f725-4477-aadc-fd9766a4a744\",\"userId\":null,\"columnId\":null}\", \"query\": \"{}\"}\n"}
{"level":"info","message":"    {\"url\": \"/boards\", \"body\": \"{\"title\":\"Autotest board\",\"columns\":[{\"title\":\"Backlog\",\"order\":1},{\"title\":\"Sprint\",\"order\":2}]}\", \"query\": \"{}\"}\n"}
{"level":"info","message":"    {\"url\": \"/boards/aa7c2e6b-f725-4477-aadc-fd9766a4a744/tasks/12ce4aa2-d320-491d-bd6e-d1855875613f\", \"body\": \"{}\", \"query\": \"{}\"}\n"}
{"level":"info","message":"    {\"url\": \"/boards/aa7c2e6b-f725-4477-aadc-fd9766a4a744/tasks/502cfb0f-7679-482b-b4c0-cadb09c70e29\", \"body\": \"{}\", \"query\": \"{}\"}\n"}
{"level":"info","message":"    {\"url\": \"/boards/aa7c2e6b-f725-4477-aadc-fd9766a4a744/tasks/8ca1fab4-c3e7-433a-9dcb-be47f74d530d\", \"body\": \"{}\", \"query\": \"{}\"}\n"}
{"level":"info","message":"    {\"url\": \"/boards/aa7c2e6b-f725-4477-aadc-fd9766a4a744/tasks/667dceb6-8efa-4da8-acdc-bdb1e4974172\", \"body\": \"{}\", \"query\": \"{}\"}\n"}
{"level":"info","message":"    {\"url\": \"/boards/aa7c2e6b-f725-4477-aadc-fd9766a4a744/tasks/61cd90d3-35fa-4bd4-8083-478f0a683429\", \"body\": \"{}\", \"query\": \"{}\"}\n"}
{"level":"info","message":"    {\"url\": \"/boards/01f1a26a-7d6e-4d53-80f3-513494a2c0d3/tasks\", \"body\": \"{\"title\":\"Task #2\",\"order\":2,\"description\":\"Lorem ipsum\",\"userId\":\"7ef6a4a9-3681-4ef8-883b-94b1d761b873\",\"boardId\":\"01f1a26a-7d6e-4d53-80f3-513494a2c0d3\"}\", \"query\": \"{}\"}\n"}
{"level":"info","message":"    {\"url\": \"/boards/01f1a26a-7d6e-4d53-80f3-513494a2c0d3/tasks\", \"body\": \"{\"title\":\"Task #1\",\"order\":1,\"description\":\"Lorem ipsum\",\"userId\":\"7ef6a4a9-3681-4ef8-883b-94b1d761b873\",\"boardId\":\"01f1a26a-7d6e-4d53-80f3-513494a2c0d3\"}\", \"query\": \"{}\"}\n"}
{"level":"info","message":"    {\"url\": \"/boards/aa7c2e6b-f725-4477-aadc-fd9766a4a744\", \"body\": \"{}\", \"query\": \"{}\"}\n"}
{"level":"info","message":"    {\"url\": \"/users/7ef6a4a9-3681-4ef8-883b-94b1d761b873\", \"body\": \"{}\", \"query\": \"{}\"}\n"}
{"message":"   Error message: user was not found. Status 500","level":"error"}
{"message":"   Error message: Not Found. Status 404","level":"error"}
{"level":"info","message":"    {\"url\": \"/boards/aa7c2e6b-f725-4477-aadc-fd9766a4a744/tasks/12ce4aa2-d320-491d-bd6e-d1855875613f\", \"body\": \"{}\", \"query\": \"{}\"}\n"}
{"message":"   Error message: Not Found. Status 404","level":"error"}
{"level":"info","message":"    {\"url\": \"/boards/aa7c2e6b-f725-4477-aadc-fd9766a4a744/tasks/8ca1fab4-c3e7-433a-9dcb-be47f74d530d\", \"body\": \"{}\", \"query\": \"{}\"}\n"}
{"message":"   Error message: Not Found. Status 404","level":"error"}
{"level":"info","message":"    {\"url\": \"/boards/aa7c2e6b-f725-4477-aadc-fd9766a4a744/tasks/502cfb0f-7679-482b-b4c0-cadb09c70e29\", \"body\": \"{}\", \"query\": \"{}\"}\n"}
{"message":"   Error message: Not Found. Status 404","level":"error"}
{"level":"info","message":"    {\"url\": \"/boards/aa7c2e6b-f725-4477-aadc-fd9766a4a744/tasks/667dceb6-8efa-4da8-acdc-bdb1e4974172\", \"body\": \"{}\", \"query\": \"{}\"}\n"}
{"message":"   Error message: Not Found. Status 404","level":"error"}
{"level":"info","message":"    {\"url\": \"/boards/aa7c2e6b-f725-4477-aadc-fd9766a4a744/tasks/61cd90d3-35fa-4bd4-8083-478f0a683429\", \"body\": \"{}\", \"query\": \"{}\"}\n"}
{"level":"info","message":"    {\"url\": \"/boards/01f1a26a-7d6e-4d53-80f3-513494a2c0d3/tasks/f1f172e7-13dd-40fa-89c8-eefe456ba4d8\", \"body\": \"{}\", \"query\": \"{}\"}\n"}
{"level":"info","message":"    {\"url\": \"/boards/213124124/tasks\", \"body\": \"{\"title\":\"string\",\"order\":0,\"description\":\"string\",\"userId\":\"string\",\"boardId\":\"string\",\"columnId\":\"string\"}\", \"query\": \"{}\"}\n"}
{"level":"info","message":"    {\"url\": \"/boards\", \"body\": \"{\"title\":\"Autotest board\",\"columns\":[{\"title\":\"Backlog\",\"order\":1},{\"title\":\"Sprint\",\"order\":2}]}\", \"query\": \"{}\"}\n"}
{"level":"info","message":"    {\"url\": \"/users\", \"body\": \"{}\", \"query\": \"{}\"}\n"}
{"level":"info","message":"    {\"url\": \"/boards\", \"body\": \"{\"title\":\"Autotest board\",\"columns\":[{\"title\":\"Backlog\",\"order\":1},{\"title\":\"Sprint\",\"order\":2}]}\", \"query\": \"{}\"}\n"}
{"level":"info","message":"    {\"url\": \"/boards/f1e97a66-1e34-48e3-b330-496fc5488c82/tasks\", \"body\": \"{\"title\":\"Autotest task\",\"order\":0,\"description\":\"Lorem ipsum\",\"userId\":null,\"boardId\":null,\"columnId\":null}\", \"query\": \"{}\"}\n"}
{"level":"info","message":"    {\"url\": \"/users\", \"body\": \"{\"name\":\"TEST_USER\",\"login\":\"test_user\",\"password\":\"T35t_P@55w0rd\"}\", \"query\": \"{}\"}\n"}
{"level":"info","message":"    {\"url\": \"/boards\", \"body\": \"{}\", \"query\": \"{}\"}\n"}
{"level":"info","message":"    {\"url\": \"/boards/f1e97a66-1e34-48e3-b330-496fc5488c82/tasks\", \"body\": \"{}\", \"query\": \"{}\"}\n"}
{"level":"info","message":"    {\"url\": \"/users/4a05fdbd-3351-4a21-8b55-f0d4e403ec6d\", \"body\": \"{}\", \"query\": \"{}\"}\n"}
{"level":"info","message":"    {\"url\": \"/boards\", \"body\": \"{}\", \"query\": \"{}\"}\n"}
{"level":"info","message":"    {\"url\": \"/boards/c0227e7e-c7f7-438d-8e54-a4d333657fcf\", \"body\": \"{}\", \"query\": \"{}\"}\n"}
{"level":"info","message":"    {\"url\": \"/boards/f1e97a66-1e34-48e3-b330-496fc5488c82/tasks\", \"body\": \"{}\", \"query\": \"{}\"}\n"}
{"level":"info","message":"    {\"url\": \"/users/4a05fdbd-3351-4a21-8b55-f0d4e403ec6d\", \"body\": \"{}\", \"query\": \"{}\"}\n"}
{"message":"   Error message: user was not found. Status 500","level":"error"}
{"level":"info","message":"    {\"url\": \"/boards\", \"body\": \"{\"title\":\"Autotest board\",\"columns\":[{\"title\":\"Backlog\",\"order\":1},{\"title\":\"Sprint\",\"order\":2}]}\", \"query\": \"{}\"}\n"}
{"level":"info","message":"    {\"url\": \"/boards/3f3a7671-ae01-43ec-83f7-dde446bbaf6a/tasks/7ff04ecc-63a5-4720-966e-2e95bb43b51c\", \"body\": \"{}\", \"query\": \"{}\"}\n"}
{"level":"info","message":"    {\"url\": \"/users\", \"body\": \"{\"name\":\"TEST_USER\",\"login\":\"test_user\",\"password\":\"T35t_P@55w0rd\"}\", \"query\": \"{}\"}\n"}
{"level":"info","message":"    {\"url\": \"/boards/f1e97a66-1e34-48e3-b330-496fc5488c82/tasks\", \"body\": \"{\"title\":\"Autotest task\",\"order\":0,\"description\":\"Lorem ipsum\",\"userId\":null,\"boardId\":null,\"columnId\":null}\", \"query\": \"{}\"}\n"}
{"level":"info","message":"    {\"url\": \"/boards/b92543a3-beed-4f62-9b8b-46192195538d\", \"body\": \"{}\", \"query\": \"{}\"}\n"}
{"level":"info","message":"    {\"url\": \"/boards/f1e97a66-1e34-48e3-b330-496fc5488c82/tasks/935f5323-578b-4ff9-a279-250483bf29a3\", \"body\": \"{}\", \"query\": \"{}\"}\n"}
{"level":"info","message":"    {\"url\": \"/users/78c099ff-ea64-4252-8d7c-0e8ad4cf3424\", \"body\": \"{}\", \"query\": \"{}\"}\n"}
{"message":"   Error message: user was not found. Status 500","level":"error"}
{"level":"info","message":"    {\"url\": \"/boards\", \"body\": \"{\"title\":\"Autotest board\",\"columns\":[{\"title\":\"Backlog\",\"order\":1},{\"title\":\"Sprint\",\"order\":2}]}\", \"query\": \"{}\"}\n"}
{"level":"info","message":"    {\"url\": \"/boards/f1e97a66-1e34-48e3-b330-496fc5488c82/tasks\", \"body\": \"{\"title\":\"Autotest task\",\"order\":0,\"description\":\"Lorem ipsum\",\"userId\":null,\"boardId\":null,\"columnId\":null}\", \"query\": \"{}\"}\n"}
{"level":"info","message":"    {\"url\": \"/users\", \"body\": \"{\"name\":\"TEST_USER\",\"login\":\"test_user\",\"password\":\"T35t_P@55w0rd\"}\", \"query\": \"{}\"}\n"}
{"level":"info","message":"    {\"url\": \"/boards/adf772c5-9583-4ae4-8ef8-0cd9c64500bf\", \"body\": \"{\"columns\":[{\"title\":\"Backlog\",\"order\":1},{\"title\":\"Sprint\",\"order\":2}],\"title\":\"Autotest updated board\",\"id\":\"adf772c5-9583-4ae4-8ef8-0cd9c64500bf\"}\", \"query\": \"{}\"}\n"}
{"level":"info","message":"    {\"url\": \"/boards/f1e97a66-1e34-48e3-b330-496fc5488c82/tasks/2ec589fa-21e2-4232-be30-b79299b7eb37\", \"body\": \"{\"title\":\"Autotest updated task\",\"order\":0,\"description\":\"Lorem ipsum\",\"userId\":null,\"boardId\":\"f1e97a66-1e34-48e3-b330-496fc5488c82\",\"columnId\":null,\"id\":\"2ec589fa-21e2-4232-be30-b79299b7eb37\"}\", \"query\": \"{}\"}\n"}
{"level":"info","message":"    {\"url\": \"/users/d1ab99bb-dfd5-41f5-9429-e92906000c73\", \"body\": \"{\"name\":\"Autotest updated TEST_USER\",\"login\":\"test_user\",\"password\":\"T35t_P@55w0rd\",\"id\":\"d1ab99bb-dfd5-41f5-9429-e92906000c73\"}\", \"query\": \"{}\"}\n"}
{"level":"info","message":"    {\"url\": \"/boards/adf772c5-9583-4ae4-8ef8-0cd9c64500bf\", \"body\": \"{}\", \"query\": \"{}\"}\n"}
{"level":"info","message":"    {\"url\": \"/boards/f1e97a66-1e34-48e3-b330-496fc5488c82/tasks/2ec589fa-21e2-4232-be30-b79299b7eb37\", \"body\": \"{}\", \"query\": \"{}\"}\n"}
{"level":"info","message":"    {\"url\": \"/users/d1ab99bb-dfd5-41f5-9429-e92906000c73\", \"body\": \"{}\", \"query\": \"{}\"}\n"}
{"level":"info","message":"    {\"url\": \"/boards/f1e97a66-1e34-48e3-b330-496fc5488c82/tasks/fd6e0dae-9e97-45bb-8860-4265bb384879\", \"body\": \"{}\", \"query\": \"{}\"}\n"}
{"level":"info","message":"    {\"url\": \"/boards/adf772c5-9583-4ae4-8ef8-0cd9c64500bf\", \"body\": \"{}\", \"query\": \"{}\"}\n"}
{"level":"info","message":"    {\"url\": \"/boards/f1e97a66-1e34-48e3-b330-496fc5488c82/tasks/fd6e0dae-9e97-45bb-8860-4265bb384879\", \"body\": \"{}\", \"query\": \"{}\"}\n"}
{"level":"info","message":"    {\"url\": \"/users/d1ab99bb-dfd5-41f5-9429-e92906000c73\", \"body\": \"{}\", \"query\": \"{}\"}\n"}
{"message":"   Error message: user was not found. Status 500","level":"error"}
{"level":"info","message":"    {\"url\": \"/boards\", \"body\": \"{}\", \"query\": \"{}\"}\n"}
{"message":"   Error message: Not Found. Status 404","level":"error"}
{"level":"info","message":"    {\"url\": \"/boards/f1e97a66-1e34-48e3-b330-496fc5488c82/tasks/fd6e0dae-9e97-45bb-8860-4265bb384879\", \"body\": \"{}\", \"query\": \"{}\"}\n"}
{"level":"info","message":"    {\"url\": \"/users\", \"body\": \"{\"name\":\"TEST_USER\",\"login\":\"test_user\",\"password\":\"T35t_P@55w0rd\"}\", \"query\": \"{}\"}\n"}
{"level":"info","message":"    {\"url\": \"/boards/c0227e7e-c7f7-438d-8e54-a4d333657fcf\", \"body\": \"{}\", \"query\": \"{}\"}\n"}
{"level":"info","message":"    {\"url\": \"/boards/f1e97a66-1e34-48e3-b330-496fc5488c82\", \"body\": \"{}\", \"query\": \"{}\"}\n"}
{"message":"   Error message: Not Found. Status 404","level":"error"}
{"level":"info","message":"    {\"url\": \"/boards/c0227e7e-c7f7-438d-8e54-a4d333657fcf\", \"body\": \"{}\", \"query\": \"{}\"}\n"}
{"level":"info","message":"    {\"url\": \"/users/563c0415-8519-4bc0-9125-e27c968696ec\", \"body\": \"{}\", \"query\": \"{}\"}\n"}
{"message":"   Error message: user was not found. Status 500","level":"error"}
{"level":"info","message":"    {\"url\": \"/boards\", \"body\": \"{\"title\":\"Autotest board\",\"columns\":[{\"title\":\"Backlog\",\"order\":1},{\"title\":\"Sprint\",\"order\":2}]}\", \"query\": \"{}\"}\n"}
{"level":"info","message":"    {\"url\": \"/users\", \"body\": \"{\"name\":\"TEST_USER\",\"login\":\"test_user\",\"password\":\"T35t_P@55w0rd\"}\", \"query\": \"{}\"}\n"}
{"level":"info","message":"    {\"url\": \"/boards/aa062d15-0ebb-4647-8ce0-797c827681b5/tasks\", \"body\": \"{\"title\":\"Task #1\",\"order\":1,\"description\":\"Lorem ipsum\",\"boardId\":\"aa062d15-0ebb-4647-8ce0-797c827681b5\",\"userId\":null,\"columnId\":null}\", \"query\": \"{}\"}\n"}
{"level":"info","message":"    {\"url\": \"/boards/aa062d15-0ebb-4647-8ce0-797c827681b5/tasks\", \"body\": \"{\"title\":\"Task #2\",\"order\":2,\"description\":\"Lorem ipsum\",\"boardId\":\"aa062d15-0ebb-4647-8ce0-797c827681b5\",\"userId\":null,\"columnId\":null}\", \"query\": \"{}\"}\n"}
{"level":"info","message":"    {\"url\": \"/boards/aa062d15-0ebb-4647-8ce0-797c827681b5/tasks\", \"body\": \"{\"title\":\"Task #3\",\"order\":3,\"description\":\"Lorem ipsum\",\"boardId\":\"aa062d15-0ebb-4647-8ce0-797c827681b5\",\"userId\":null,\"columnId\":null}\", \"query\": \"{}\"}\n"}
{"level":"info","message":"    {\"url\": \"/boards/aa062d15-0ebb-4647-8ce0-797c827681b5/tasks\", \"body\": \"{\"title\":\"Task #4\",\"order\":4,\"description\":\"Lorem ipsum\",\"boardId\":\"aa062d15-0ebb-4647-8ce0-797c827681b5\",\"userId\":null,\"columnId\":null}\", \"query\": \"{}\"}\n"}
{"level":"info","message":"    {\"url\": \"/boards/aa062d15-0ebb-4647-8ce0-797c827681b5/tasks\", \"body\": \"{\"title\":\"Task #5\",\"order\":5,\"description\":\"Lorem ipsum\",\"boardId\":\"aa062d15-0ebb-4647-8ce0-797c827681b5\",\"userId\":null,\"columnId\":null}\", \"query\": \"{}\"}\n"}
{"level":"info","message":"    {\"url\": \"/boards\", \"body\": \"{\"title\":\"Autotest board\",\"columns\":[{\"title\":\"Backlog\",\"order\":1},{\"title\":\"Sprint\",\"order\":2}]}\", \"query\": \"{}\"}\n"}
{"level":"info","message":"    {\"url\": \"/boards/aa062d15-0ebb-4647-8ce0-797c827681b5/tasks/6c227004-1e9d-40b6-a947-502d19263c1b\", \"body\": \"{}\", \"query\": \"{}\"}\n"}
{"level":"info","message":"    {\"url\": \"/boards/aa062d15-0ebb-4647-8ce0-797c827681b5/tasks/99186a85-e90f-4039-94cf-80f7040b077a\", \"body\": \"{}\", \"query\": \"{}\"}\n"}
{"level":"info","message":"    {\"url\": \"/boards/aa062d15-0ebb-4647-8ce0-797c827681b5/tasks/31a4c22d-1761-484a-a10d-578f2c5fc63d\", \"body\": \"{}\", \"query\": \"{}\"}\n"}
{"level":"info","message":"    {\"url\": \"/boards/aa062d15-0ebb-4647-8ce0-797c827681b5/tasks/ffe5bbd5-9394-474f-93e9-a12094dfb01f\", \"body\": \"{}\", \"query\": \"{}\"}\n"}
{"level":"info","message":"    {\"url\": \"/boards/aa062d15-0ebb-4647-8ce0-797c827681b5/tasks/ac437c86-68b9-4233-9282-55668d8e5f12\", \"body\": \"{}\", \"query\": \"{}\"}\n"}
{"level":"info","message":"    {\"url\": \"/boards/a5313b8d-6447-480b-adb0-474b96865bb2/tasks\", \"body\": \"{\"title\":\"Task #1\",\"order\":1,\"description\":\"Lorem ipsum\",\"userId\":\"a4ba18e0-58d9-48ac-910a-1314fc49a12d\",\"boardId\":\"a5313b8d-6447-480b-adb0-474b96865bb2\"}\", \"query\": \"{}\"}\n"}
{"level":"info","message":"    {\"url\": \"/boards/a5313b8d-6447-480b-adb0-474b96865bb2/tasks\", \"body\": \"{\"title\":\"Task #2\",\"order\":2,\"description\":\"Lorem ipsum\",\"userId\":\"a4ba18e0-58d9-48ac-910a-1314fc49a12d\",\"boardId\":\"a5313b8d-6447-480b-adb0-474b96865bb2\"}\", \"query\": \"{}\"}\n"}
{"level":"info","message":"    {\"url\": \"/boards/aa062d15-0ebb-4647-8ce0-797c827681b5\", \"body\": \"{}\", \"query\": \"{}\"}\n"}
{"level":"info","message":"    {\"url\": \"/users/a4ba18e0-58d9-48ac-910a-1314fc49a12d\", \"body\": \"{}\", \"query\": \"{}\"}\n"}
{"message":"   Error message: user was not found. Status 500","level":"error"}
{"message":"   Error message: Not Found. Status 404","level":"error"}
{"level":"info","message":"    {\"url\": \"/boards/aa062d15-0ebb-4647-8ce0-797c827681b5/tasks/99186a85-e90f-4039-94cf-80f7040b077a\", \"body\": \"{}\", \"query\": \"{}\"}\n"}
{"message":"   Error message: Not Found. Status 404","level":"error"}
{"level":"info","message":"    {\"url\": \"/boards/aa062d15-0ebb-4647-8ce0-797c827681b5/tasks/6c227004-1e9d-40b6-a947-502d19263c1b\", \"body\": \"{}\", \"query\": \"{}\"}\n"}
{"message":"   Error message: Not Found. Status 404","level":"error"}
{"level":"info","message":"    {\"url\": \"/boards/aa062d15-0ebb-4647-8ce0-797c827681b5/tasks/31a4c22d-1761-484a-a10d-578f2c5fc63d\", \"body\": \"{}\", \"query\": \"{}\"}\n"}
{"message":"   Error message: Not Found. Status 404","level":"error"}
{"level":"info","message":"    {\"url\": \"/boards/aa062d15-0ebb-4647-8ce0-797c827681b5/tasks/ffe5bbd5-9394-474f-93e9-a12094dfb01f\", \"body\": \"{}\", \"query\": \"{}\"}\n"}
{"message":"   Error message: Not Found. Status 404","level":"error"}
{"level":"info","message":"    {\"url\": \"/boards/aa062d15-0ebb-4647-8ce0-797c827681b5/tasks/ac437c86-68b9-4233-9282-55668d8e5f12\", \"body\": \"{}\", \"query\": \"{}\"}\n"}
{"level":"info","message":"    {\"url\": \"/boards/a5313b8d-6447-480b-adb0-474b96865bb2/tasks/9f51831e-f346-405c-aa7a-c519707e42f2\", \"body\": \"{}\", \"query\": \"{}\"}\n"}
{"level":"info","message":"    {\"url\": \"/users\", \"body\": \"{}\", \"query\": \"{}\"}\n"}
{"level":"info","message":"    {\"url\": \"/users\", \"body\": \"{\"name\":\"TEST_USER\",\"login\":\"test_user\",\"password\":\"T35t_P@55w0rd\"}\", \"query\": \"{}\"}\n"}
{"level":"info","message":"    {\"url\": \"/users/e3f0b049-7ef3-49af-9b8b-41a59ef48c18\", \"body\": \"{}\", \"query\": \"{}\"}\n"}
{"level":"info","message":"    {\"url\": \"/users/e3f0b049-7ef3-49af-9b8b-41a59ef48c18\", \"body\": \"{}\", \"query\": \"{}\"}\n"}
{"message":"   Error message: user was not found. Status 500","level":"error"}
{"level":"info","message":"    {\"url\": \"/users\", \"body\": \"{\"name\":\"TEST_USER\",\"login\":\"test_user\",\"password\":\"T35t_P@55w0rd\"}\", \"query\": \"{}\"}\n"}
{"level":"info","message":"    {\"url\": \"/users/7c99ac4f-292e-452e-8fd7-76c9a5cf2112\", \"body\": \"{}\", \"query\": \"{}\"}\n"}
{"message":"   Error message: user was not found. Status 500","level":"error"}
{"level":"info","message":"    {\"url\": \"/users\", \"body\": \"{\"name\":\"TEST_USER\",\"login\":\"test_user\",\"password\":\"T35t_P@55w0rd\"}\", \"query\": \"{}\"}\n"}
{"level":"info","message":"    {\"url\": \"/users/f0628667-0663-4b7c-a0a5-fc58f5cd9d1f\", \"body\": \"{\"name\":\"Autotest updated TEST_USER\",\"login\":\"test_user\",\"password\":\"T35t_P@55w0rd\",\"id\":\"f0628667-0663-4b7c-a0a5-fc58f5cd9d1f\"}\", \"query\": \"{}\"}\n"}
{"level":"info","message":"    {\"url\": \"/users/f0628667-0663-4b7c-a0a5-fc58f5cd9d1f\", \"body\": \"{}\", \"query\": \"{}\"}\n"}
{"level":"info","message":"    {\"url\": \"/users/f0628667-0663-4b7c-a0a5-fc58f5cd9d1f\", \"body\": \"{}\", \"query\": \"{}\"}\n"}
{"message":"   Error message: user was not found. Status 500","level":"error"}
{"level":"info","message":"    {\"url\": \"/users\", \"body\": \"{\"name\":\"TEST_USER\",\"login\":\"test_user\",\"password\":\"T35t_P@55w0rd\"}\", \"query\": \"{}\"}\n"}
{"level":"info","message":"    {\"url\": \"/users/193b1c27-3299-4459-b717-0ab2084bddf6\", \"body\": \"{}\", \"query\": \"{}\"}\n"}
{"message":"   Error message: user was not found. Status 500","level":"error"}
{"level":"info","message":"    {\"url\": \"/users\", \"body\": \"{\"name\":\"TEST_USER\",\"login\":\"test_user\",\"password\":\"T35t_P@55w0rd\"}\", \"query\": \"{}\"}\n"}
{"level":"info","message":"    {\"url\": \"/boards\", \"body\": \"{\"title\":\"Autotest board\",\"columns\":[{\"title\":\"Backlog\",\"order\":1},{\"title\":\"Sprint\",\"order\":2}]}\", \"query\": \"{}\"}\n"}
{"level":"info","message":"    {\"url\": \"/boards/2a8a4fc6-e2f7-4445-9280-5bb610d20244/tasks\", \"body\": \"{\"title\":\"Task #2\",\"order\":2,\"description\":\"Lorem ipsum\",\"userId\":\"b609f7ce-3d50-4155-aa14-e8f334fb3c33\",\"boardId\":\"2a8a4fc6-e2f7-4445-9280-5bb610d20244\"}\", \"query\": \"{}\"}\n"}
{"level":"info","message":"    {\"url\": \"/boards/2a8a4fc6-e2f7-4445-9280-5bb610d20244/tasks\", \"body\": \"{\"title\":\"Task #1\",\"order\":1,\"description\":\"Lorem ipsum\",\"userId\":\"b609f7ce-3d50-4155-aa14-e8f334fb3c33\",\"boardId\":\"2a8a4fc6-e2f7-4445-9280-5bb610d20244\"}\", \"query\": \"{}\"}\n"}
{"level":"info","message":"    {\"url\": \"/users/b609f7ce-3d50-4155-aa14-e8f334fb3c33\", \"body\": \"{}\", \"query\": \"{}\"}\n"}
{"message":"   Error message: user was not found. Status 500","level":"error"}
{"level":"info","message":"    {\"url\": \"/boards/2a8a4fc6-e2f7-4445-9280-5bb610d20244/tasks/b9bd3d4c-550f-429b-8fb3-4fe5da2e75a3\", \"body\": \"{}\", \"query\": \"{}\"}\n"}
{"level":"info","message":"    {\"url\": \"/users\", \"body\": \"{}\", \"query\": \"{}\"}\n"}
{"level":"info","message":"    {\"url\": \"/users\", \"body\": \"{\"name\":\"TEST_USER\",\"login\":\"test_user\",\"password\":\"T35t_P@55w0rd\"}\", \"query\": \"{}\"}\n"}
{"level":"info","message":"    {\"url\": \"/users/ea9306d0-4d14-4f8e-859e-64d492345858\", \"body\": \"{}\", \"query\": \"{}\"}\n"}
{"level":"info","message":"    {\"url\": \"/users/ea9306d0-4d14-4f8e-859e-64d492345858\", \"body\": \"{}\", \"query\": \"{}\"}\n"}
{"message":"   Error message: user was not found. Status 500","level":"error"}
{"level":"info","message":"    {\"url\": \"/users\", \"body\": \"{\"name\":\"TEST_USER\",\"login\":\"test_user\",\"password\":\"T35t_P@55w0rd\"}\", \"query\": \"{}\"}\n"}
{"level":"info","message":"    {\"url\": \"/users/d7097f3f-e7a2-42ff-b2ee-002352ce4443\", \"body\": \"{}\", \"query\": \"{}\"}\n"}
{"message":"   Error message: user was not found. Status 500","level":"error"}
{"level":"info","message":"    {\"url\": \"/users\", \"body\": \"{\"name\":\"TEST_USER\",\"login\":\"test_user\",\"password\":\"T35t_P@55w0rd\"}\", \"query\": \"{}\"}\n"}
{"level":"info","message":"    {\"url\": \"/users/e2a55327-c6c9-4777-bb2a-77b82d4295f1\", \"body\": \"{\"name\":\"Autotest updated TEST_USER\",\"login\":\"test_user\",\"password\":\"T35t_P@55w0rd\",\"id\":\"e2a55327-c6c9-4777-bb2a-77b82d4295f1\"}\", \"query\": \"{}\"}\n"}
{"level":"info","message":"    {\"url\": \"/users/e2a55327-c6c9-4777-bb2a-77b82d4295f1\", \"body\": \"{}\", \"query\": \"{}\"}\n"}
{"level":"info","message":"    {\"url\": \"/users/e2a55327-c6c9-4777-bb2a-77b82d4295f1\", \"body\": \"{}\", \"query\": \"{}\"}\n"}
{"message":"   Error message: user was not found. Status 500","level":"error"}
{"level":"info","message":"    {\"url\": \"/users\", \"body\": \"{\"name\":\"TEST_USER\",\"login\":\"test_user\",\"password\":\"T35t_P@55w0rd\"}\", \"query\": \"{}\"}\n"}
{"level":"info","message":"    {\"url\": \"/users/110d75af-7df0-4d14-8c40-8f095799a32c\", \"body\": \"{}\", \"query\": \"{}\"}\n"}
{"message":"   Error message: user was not found. Status 500","level":"error"}
{"level":"info","message":"    {\"url\": \"/users\", \"body\": \"{\"name\":\"TEST_USER\",\"login\":\"test_user\",\"password\":\"T35t_P@55w0rd\"}\", \"query\": \"{}\"}\n"}
{"level":"info","message":"    {\"url\": \"/boards\", \"body\": \"{\"title\":\"Autotest board\",\"columns\":[{\"title\":\"Backlog\",\"order\":1},{\"title\":\"Sprint\",\"order\":2}]}\", \"query\": \"{}\"}\n"}
{"level":"info","message":"    {\"url\": \"/boards/fde7593a-4598-43fc-998e-b29024eb865b/tasks\", \"body\": \"{\"title\":\"Task #1\",\"order\":1,\"description\":\"Lorem ipsum\",\"userId\":\"39194469-0903-403a-9c75-d5dc32583e62\",\"boardId\":\"fde7593a-4598-43fc-998e-b29024eb865b\"}\", \"query\": \"{}\"}\n"}
{"level":"info","message":"    {\"url\": \"/boards/fde7593a-4598-43fc-998e-b29024eb865b/tasks\", \"body\": \"{\"title\":\"Task #2\",\"order\":2,\"description\":\"Lorem ipsum\",\"userId\":\"39194469-0903-403a-9c75-d5dc32583e62\",\"boardId\":\"fde7593a-4598-43fc-998e-b29024eb865b\"}\", \"query\": \"{}\"}\n"}
{"level":"info","message":"    {\"url\": \"/users/39194469-0903-403a-9c75-d5dc32583e62\", \"body\": \"{}\", \"query\": \"{}\"}\n"}
{"message":"   Error message: user was not found. Status 500","level":"error"}
{"message":"   Error message: Not Found. Status 404","level":"error"}
{"level":"info","message":"    {\"url\": \"/boards/fde7593a-4598-43fc-998e-b29024eb865b/tasks/40438597-286c-463f-97eb-d59c7a956b2f\", \"body\": \"{}\", \"query\": \"{}\"}\n"}
{"level":"info","message":"    {\"url\": \"/users\", \"body\": \"{}\", \"query\": \"{}\"}\n"}
{"level":"info","message":"    {\"url\": \"/users\", \"body\": \"{\"name\":\"TEST_USER\",\"login\":\"test_user\",\"password\":\"T35t_P@55w0rd\"}\", \"query\": \"{}\"}\n"}
{"level":"info","message":"    {\"url\": \"/users/ae0499dd-db7c-4ab7-9d44-adf7e2a17129\", \"body\": \"{}\", \"query\": \"{}\"}\n"}
{"level":"info","message":"    {\"url\": \"/users/ae0499dd-db7c-4ab7-9d44-adf7e2a17129\", \"body\": \"{}\", \"query\": \"{}\"}\n"}
{"message":"   Error message: user was not found. Status 500","level":"error"}
{"level":"info","message":"    {\"url\": \"/users\", \"body\": \"{\"name\":\"TEST_USER\",\"login\":\"test_user\",\"password\":\"T35t_P@55w0rd\"}\", \"query\": \"{}\"}\n"}
{"level":"info","message":"    {\"url\": \"/users/b718a15a-89b5-4b3d-bd21-306421957364\", \"body\": \"{}\", \"query\": \"{}\"}\n"}
{"message":"   Error message: user was not found. Status 500","level":"error"}
{"level":"info","message":"    {\"url\": \"/users\", \"body\": \"{\"name\":\"TEST_USER\",\"login\":\"test_user\",\"password\":\"T35t_P@55w0rd\"}\", \"query\": \"{}\"}\n"}
{"level":"info","message":"    {\"url\": \"/users/98e74b93-0245-47a4-bd32-f1ef2c2a6b73\", \"body\": \"{\"name\":\"Autotest updated TEST_USER\",\"login\":\"test_user\",\"password\":\"T35t_P@55w0rd\",\"id\":\"98e74b93-0245-47a4-bd32-f1ef2c2a6b73\"}\", \"query\": \"{}\"}\n"}
{"level":"info","message":"    {\"url\": \"/users/98e74b93-0245-47a4-bd32-f1ef2c2a6b73\", \"body\": \"{}\", \"query\": \"{}\"}\n"}
{"level":"info","message":"    {\"url\": \"/users/98e74b93-0245-47a4-bd32-f1ef2c2a6b73\", \"body\": \"{}\", \"query\": \"{}\"}\n"}
{"message":"   Error message: user was not found. Status 500","level":"error"}
{"level":"info","message":"    {\"url\": \"/users\", \"body\": \"{\"name\":\"TEST_USER\",\"login\":\"test_user\",\"password\":\"T35t_P@55w0rd\"}\", \"query\": \"{}\"}\n"}
{"level":"info","message":"    {\"url\": \"/users/cb78148b-d4b0-4516-a495-c34b5faf0eb0\", \"body\": \"{}\", \"query\": \"{}\"}\n"}
{"message":"   Error message: user was not found. Status 500","level":"error"}
{"level":"info","message":"    {\"url\": \"/users\", \"body\": \"{\"name\":\"TEST_USER\",\"login\":\"test_user\",\"password\":\"T35t_P@55w0rd\"}\", \"query\": \"{}\"}\n"}
{"level":"info","message":"    {\"url\": \"/boards\", \"body\": \"{\"title\":\"Autotest board\",\"columns\":[{\"title\":\"Backlog\",\"order\":1},{\"title\":\"Sprint\",\"order\":2}]}\", \"query\": \"{}\"}\n"}
{"level":"info","message":"    {\"url\": \"/boards/cb5acffa-0a8d-4af0-8c48-56732f584d88/tasks\", \"body\": \"{\"title\":\"Task #2\",\"order\":2,\"description\":\"Lorem ipsum\",\"userId\":\"c7abc029-0c68-4383-8492-f99658b9fa3b\",\"boardId\":\"cb5acffa-0a8d-4af0-8c48-56732f584d88\"}\", \"query\": \"{}\"}\n"}
{"level":"info","message":"    {\"url\": \"/boards/cb5acffa-0a8d-4af0-8c48-56732f584d88/tasks\", \"body\": \"{\"title\":\"Task #1\",\"order\":1,\"description\":\"Lorem ipsum\",\"userId\":\"c7abc029-0c68-4383-8492-f99658b9fa3b\",\"boardId\":\"cb5acffa-0a8d-4af0-8c48-56732f584d88\"}\", \"query\": \"{}\"}\n"}
{"level":"info","message":"    {\"url\": \"/users/c7abc029-0c68-4383-8492-f99658b9fa3b\", \"body\": \"{}\", \"query\": \"{}\"}\n"}
{"message":"   Error message: user was not found. Status 500","level":"error"}
{"level":"info","message":"    {\"url\": \"/boards/cb5acffa-0a8d-4af0-8c48-56732f584d88/tasks/3e4a7152-2522-41ca-a243-3c2baf5c35a1\", \"body\": \"{}\", \"query\": \"{}\"}\n"}
{"level":"info","message":"    {\"url\": \"/boards/213124124/tasks\", \"body\": \"{\"title\":\"string\",\"order\":0,\"description\":\"string\",\"userId\":\"string\",\"boardId\":\"string\",\"columnId\":\"string\"}\", \"query\": \"{}\"}\n"}
{"level":"info","message":"    {\"url\": \"/boards/213124124/tasks\", \"body\": \"{\"title\":\"string\",\"order\":0,\"description\":\"string\",\"userId\":\"string\",\"boardId\":\"string\",\"columnId\":\"string\"}\", \"query\": \"{}\"}\n"}
{"level":"info","message":"    {\"url\": \"/users\", \"body\": \"{}\", \"query\": \"{}\"}\n"}
{"level":"info","message":"    {\"url\": \"/users\", \"body\": \"{\"name\":\"TEST_USER\",\"login\":\"test_user\",\"password\":\"T35t_P@55w0rd\"}\", \"query\": \"{}\"}\n"}
{"level":"info","message":"    {\"url\": \"/users/ffb716de-1718-40de-913d-3021f14627f3\", \"body\": \"{}\", \"query\": \"{}\"}\n"}
{"level":"info","message":"    {\"url\": \"/users/ffb716de-1718-40de-913d-3021f14627f3\", \"body\": \"{}\", \"query\": \"{}\"}\n"}
{"message":"   Error message: user was not found. Status 500","level":"error"}
{"level":"info","message":"    {\"url\": \"/users\", \"body\": \"{\"name\":\"TEST_USER\",\"login\":\"test_user\",\"password\":\"T35t_P@55w0rd\"}\", \"query\": \"{}\"}\n"}
{"level":"info","message":"    {\"url\": \"/users/181a780a-1702-4c4f-9133-34d1f43039b9\", \"body\": \"{}\", \"query\": \"{}\"}\n"}
{"message":"   Error message: user was not found. Status 500","level":"error"}
{"level":"info","message":"    {\"url\": \"/users\", \"body\": \"{\"name\":\"TEST_USER\",\"login\":\"test_user\",\"password\":\"T35t_P@55w0rd\"}\", \"query\": \"{}\"}\n"}
{"level":"info","message":"    {\"url\": \"/users/0a0ee2e0-a3bd-4cee-8f5a-9a5e5cd82e14\", \"body\": \"{\"name\":\"Autotest updated TEST_USER\",\"login\":\"test_user\",\"password\":\"T35t_P@55w0rd\",\"id\":\"0a0ee2e0-a3bd-4cee-8f5a-9a5e5cd82e14\"}\", \"query\": \"{}\"}\n"}
{"level":"info","message":"    {\"url\": \"/users/0a0ee2e0-a3bd-4cee-8f5a-9a5e5cd82e14\", \"body\": \"{}\", \"query\": \"{}\"}\n"}
{"level":"info","message":"    {\"url\": \"/users/0a0ee2e0-a3bd-4cee-8f5a-9a5e5cd82e14\", \"body\": \"{}\", \"query\": \"{}\"}\n"}
{"message":"   Error message: user was not found. Status 500","level":"error"}
{"level":"info","message":"    {\"url\": \"/users\", \"body\": \"{\"name\":\"TEST_USER\",\"login\":\"test_user\",\"password\":\"T35t_P@55w0rd\"}\", \"query\": \"{}\"}\n"}
{"level":"info","message":"    {\"url\": \"/users/fee2694e-f401-4417-8dac-5ae1f42f8ef5\", \"body\": \"{}\", \"query\": \"{}\"}\n"}
{"message":"   Error message: user was not found. Status 500","level":"error"}
{"level":"info","message":"    {\"url\": \"/users\", \"body\": \"{\"name\":\"TEST_USER\",\"login\":\"test_user\",\"password\":\"T35t_P@55w0rd\"}\", \"query\": \"{}\"}\n"}
{"level":"info","message":"    {\"url\": \"/boards\", \"body\": \"{\"title\":\"Autotest board\",\"columns\":[{\"title\":\"Backlog\",\"order\":1},{\"title\":\"Sprint\",\"order\":2}]}\", \"query\": \"{}\"}\n"}
{"level":"info","message":"    {\"url\": \"/boards/0cc006b2-ecbe-4456-877e-473a8fd61a9a/tasks\", \"body\": \"{\"title\":\"Task #1\",\"order\":1,\"description\":\"Lorem ipsum\",\"userId\":\"32ee0bea-77f9-4947-919c-b8c293439410\",\"boardId\":\"0cc006b2-ecbe-4456-877e-473a8fd61a9a\"}\", \"query\": \"{}\"}\n"}
{"level":"info","message":"    {\"url\": \"/boards/0cc006b2-ecbe-4456-877e-473a8fd61a9a/tasks\", \"body\": \"{\"title\":\"Task #2\",\"order\":2,\"description\":\"Lorem ipsum\",\"userId\":\"32ee0bea-77f9-4947-919c-b8c293439410\",\"boardId\":\"0cc006b2-ecbe-4456-877e-473a8fd61a9a\"}\", \"query\": \"{}\"}\n"}
{"level":"info","message":"    {\"url\": \"/users/32ee0bea-77f9-4947-919c-b8c293439410\", \"body\": \"{}\", \"query\": \"{}\"}\n"}
{"message":"   Error message: user was not found. Status 500","level":"error"}
{"level":"info","message":"    {\"url\": \"/boards/0cc006b2-ecbe-4456-877e-473a8fd61a9a/tasks/ef46eeda-5f1a-4141-9cd9-cb110c0d6eff\", \"body\": \"{}\", \"query\": \"{}\"}\n"}
{"level":"info","message":"    {\"url\": \"/users\", \"body\": \"{}\", \"query\": \"{}\"}\n"}
{"level":"info","message":"    {\"url\": \"/users\", \"body\": \"{\"name\":\"TEST_USER\",\"login\":\"test_user\",\"password\":\"T35t_P@55w0rd\"}\", \"query\": \"{}\"}\n"}
{"level":"info","message":"    {\"url\": \"/users/3c32e40f-60ef-4a70-a34b-fd23363580f5\", \"body\": \"{}\", \"query\": \"{}\"}\n"}
{"level":"info","message":"    {\"url\": \"/users/3c32e40f-60ef-4a70-a34b-fd23363580f5\", \"body\": \"{}\", \"query\": \"{}\"}\n"}
{"message":"   Error message: user was not found. Status 500","level":"error"}
{"level":"info","message":"    {\"url\": \"/users\", \"body\": \"{\"name\":\"TEST_USER\",\"login\":\"test_user\",\"password\":\"T35t_P@55w0rd\"}\", \"query\": \"{}\"}\n"}
{"level":"info","message":"    {\"url\": \"/users/5d7bd963-771f-4ee1-a14c-64d58f4bbce6\", \"body\": \"{}\", \"query\": \"{}\"}\n"}
{"message":"   Error message: user was not found. Status 500","level":"error"}
{"level":"info","message":"    {\"url\": \"/users\", \"body\": \"{\"name\":\"TEST_USER\",\"login\":\"test_user\",\"password\":\"T35t_P@55w0rd\"}\", \"query\": \"{}\"}\n"}
{"level":"info","message":"    {\"url\": \"/users/750afd0d-c641-4afe-b4a1-cc03e5e0d8b4\", \"body\": \"{\"name\":\"Autotest updated TEST_USER\",\"login\":\"test_user\",\"password\":\"T35t_P@55w0rd\",\"id\":\"750afd0d-c641-4afe-b4a1-cc03e5e0d8b4\"}\", \"query\": \"{}\"}\n"}
{"level":"info","message":"    {\"url\": \"/users/750afd0d-c641-4afe-b4a1-cc03e5e0d8b4\", \"body\": \"{}\", \"query\": \"{}\"}\n"}
{"level":"info","message":"    {\"url\": \"/users/750afd0d-c641-4afe-b4a1-cc03e5e0d8b4\", \"body\": \"{}\", \"query\": \"{}\"}\n"}
{"message":"   Error message: user was not found. Status 500","level":"error"}
{"level":"info","message":"    {\"url\": \"/users\", \"body\": \"{\"name\":\"TEST_USER\",\"login\":\"test_user\",\"password\":\"T35t_P@55w0rd\"}\", \"query\": \"{}\"}\n"}
{"level":"info","message":"    {\"url\": \"/users/fea85624-a483-4118-a5da-14ba9729383d\", \"body\": \"{}\", \"query\": \"{}\"}\n"}
{"message":"   Error message: user was not found. Status 500","level":"error"}
{"level":"info","message":"    {\"url\": \"/users\", \"body\": \"{\"name\":\"TEST_USER\",\"login\":\"test_user\",\"password\":\"T35t_P@55w0rd\"}\", \"query\": \"{}\"}\n"}
{"level":"info","message":"    {\"url\": \"/boards\", \"body\": \"{\"title\":\"Autotest board\",\"columns\":[{\"title\":\"Backlog\",\"order\":1},{\"title\":\"Sprint\",\"order\":2}]}\", \"query\": \"{}\"}\n"}
{"level":"info","message":"    {\"url\": \"/boards/f2e65239-9bb2-4822-9d03-fa13846001b5/tasks\", \"body\": \"{\"title\":\"Task #1\",\"order\":1,\"description\":\"Lorem ipsum\",\"userId\":\"6ece1da2-3f68-4d60-87e9-9c80fcc17456\",\"boardId\":\"f2e65239-9bb2-4822-9d03-fa13846001b5\"}\", \"query\": \"{}\"}\n"}
{"level":"info","message":"    {\"url\": \"/boards/f2e65239-9bb2-4822-9d03-fa13846001b5/tasks\", \"body\": \"{\"title\":\"Task #2\",\"order\":2,\"description\":\"Lorem ipsum\",\"userId\":\"6ece1da2-3f68-4d60-87e9-9c80fcc17456\",\"boardId\":\"f2e65239-9bb2-4822-9d03-fa13846001b5\"}\", \"query\": \"{}\"}\n"}
{"level":"info","message":"    {\"url\": \"/users/6ece1da2-3f68-4d60-87e9-9c80fcc17456\", \"body\": \"{}\", \"query\": \"{}\"}\n"}
{"message":"   Error message: user was not found. Status 500","level":"error"}
{"level":"info","message":"    {\"url\": \"/boards/f2e65239-9bb2-4822-9d03-fa13846001b5/tasks/9559fc67-91db-45d0-8d1b-a7d9a32c1799\", \"body\": \"{}\", \"query\": \"{}\"}\n"}
{"level":"info","message":"    {\"url\": \"/users/5be8f09f-ab34-4af3-8a42-fdaa7a2791d8\", \"body\": \"{}\", \"query\": \"{}\"}\n"}
{"message":"   Error message: user was not found. Status 500","level":"error"}
{"level":"info","message":"    {\"url\": \"/boards/213124124/tasks\", \"body\": \"{\"title\":\"string\",\"order\":0,\"description\":\"string\",\"userId\":\"string\",\"boardId\":\"string\",\"columnId\":\"string\"}\", \"query\": \"{}\"}\n"}
{"level":"info","message":"    {\"url\": \"/users\", \"body\": \"{}\", \"query\": \"{}\"}\n"}
{"level":"info","message":"    {\"url\": \"/users\", \"body\": \"{\"name\":\"TEST_USER\",\"login\":\"test_user\",\"password\":\"T35t_P@55w0rd\"}\", \"query\": \"{}\"}\n"}
{"level":"info","message":"    {\"url\": \"/users/347e1554-e446-4a53-bc55-b1b2ff9d741e\", \"body\": \"{}\", \"query\": \"{}\"}\n"}
{"level":"info","message":"    {\"url\": \"/users/347e1554-e446-4a53-bc55-b1b2ff9d741e\", \"body\": \"{}\", \"query\": \"{}\"}\n"}
{"message":"   Error message: user was not found. Status 500","level":"error"}
{"level":"info","message":"    {\"url\": \"/users\", \"body\": \"{\"name\":\"TEST_USER\",\"login\":\"test_user\",\"password\":\"T35t_P@55w0rd\"}\", \"query\": \"{}\"}\n"}
{"level":"info","message":"    {\"url\": \"/users/d91c26fb-981f-44e1-86a4-41b7d305ae3f\", \"body\": \"{}\", \"query\": \"{}\"}\n"}
{"message":"   Error message: user was not found. Status 500","level":"error"}
{"level":"info","message":"    {\"url\": \"/users\", \"body\": \"{\"name\":\"TEST_USER\",\"login\":\"test_user\",\"password\":\"T35t_P@55w0rd\"}\", \"query\": \"{}\"}\n"}
{"level":"info","message":"    {\"url\": \"/users/908a4600-7ca9-4776-83f1-f752960ada47\", \"body\": \"{\"name\":\"Autotest updated TEST_USER\",\"login\":\"test_user\",\"password\":\"T35t_P@55w0rd\",\"id\":\"908a4600-7ca9-4776-83f1-f752960ada47\"}\", \"query\": \"{}\"}\n"}
{"level":"info","message":"    {\"url\": \"/users/908a4600-7ca9-4776-83f1-f752960ada47\", \"body\": \"{}\", \"query\": \"{}\"}\n"}
{"level":"info","message":"    {\"url\": \"/users/908a4600-7ca9-4776-83f1-f752960ada47\", \"body\": \"{}\", \"query\": \"{}\"}\n"}
{"message":"   Error message: user was not found. Status 500","level":"error"}
{"level":"info","message":"    {\"url\": \"/users\", \"body\": \"{\"name\":\"TEST_USER\",\"login\":\"test_user\",\"password\":\"T35t_P@55w0rd\"}\", \"query\": \"{}\"}\n"}
{"level":"info","message":"    {\"url\": \"/users/214d13b4-d3ea-435a-b295-16e635dfdadf\", \"body\": \"{}\", \"query\": \"{}\"}\n"}
{"message":"   Error message: user was not found. Status 500","level":"error"}
{"level":"info","message":"    {\"url\": \"/users\", \"body\": \"{\"name\":\"TEST_USER\",\"login\":\"test_user\",\"password\":\"T35t_P@55w0rd\"}\", \"query\": \"{}\"}\n"}
{"level":"info","message":"    {\"url\": \"/boards\", \"body\": \"{\"title\":\"Autotest board\",\"columns\":[{\"title\":\"Backlog\",\"order\":1},{\"title\":\"Sprint\",\"order\":2}]}\", \"query\": \"{}\"}\n"}
{"level":"info","message":"    {\"url\": \"/boards/be5a2c57-7821-4922-a1c2-7a90bfce362d/tasks\", \"body\": \"{\"title\":\"Task #1\",\"order\":1,\"description\":\"Lorem ipsum\",\"userId\":\"2b4e7e7b-4894-4239-81a0-ff4a66990089\",\"boardId\":\"be5a2c57-7821-4922-a1c2-7a90bfce362d\"}\", \"query\": \"{}\"}\n"}
{"level":"info","message":"    {\"url\": \"/boards/be5a2c57-7821-4922-a1c2-7a90bfce362d/tasks\", \"body\": \"{\"title\":\"Task #2\",\"order\":2,\"description\":\"Lorem ipsum\",\"userId\":\"2b4e7e7b-4894-4239-81a0-ff4a66990089\",\"boardId\":\"be5a2c57-7821-4922-a1c2-7a90bfce362d\"}\", \"query\": \"{}\"}\n"}
{"level":"info","message":"    {\"url\": \"/users/2b4e7e7b-4894-4239-81a0-ff4a66990089\", \"body\": \"{}\", \"query\": \"{}\"}\n"}
{"message":"   Error message: user was not found. Status 500","level":"error"}
{"level":"info","message":"    {\"url\": \"/boards/be5a2c57-7821-4922-a1c2-7a90bfce362d/tasks/6074e016-dc9e-4e5a-92d2-4de4646f55fb\", \"body\": \"{}\", \"query\": \"{}\"}\n"}
{"level":"info","message":"    {\"url\": \"/users\", \"body\": \"{}\", \"query\": \"{}\"}\n"}
{"level":"info","message":"    {\"url\": \"/users\", \"body\": \"{\"name\":\"TEST_USER\",\"login\":\"test_user\",\"password\":\"T35t_P@55w0rd\"}\", \"query\": \"{}\"}\n"}
{"level":"info","message":"    {\"url\": \"/users/635c36de-f3f7-4a8e-ad80-0104250fd65c\", \"body\": \"{}\", \"query\": \"{}\"}\n"}
{"level":"info","message":"    {\"url\": \"/users/635c36de-f3f7-4a8e-ad80-0104250fd65c\", \"body\": \"{}\", \"query\": \"{}\"}\n"}
{"message":"   Error message: user was not found. Status 500","level":"error"}
{"level":"info","message":"    {\"url\": \"/users\", \"body\": \"{\"name\":\"TEST_USER\",\"login\":\"test_user\",\"password\":\"T35t_P@55w0rd\"}\", \"query\": \"{}\"}\n"}
{"level":"info","message":"    {\"url\": \"/users/a717fd1e-3d79-4a30-a0e9-1ea4a7f5f43b\", \"body\": \"{}\", \"query\": \"{}\"}\n"}
{"message":"   Error message: user was not found. Status 500","level":"error"}
{"level":"info","message":"    {\"url\": \"/users\", \"body\": \"{\"name\":\"TEST_USER\",\"login\":\"test_user\",\"password\":\"T35t_P@55w0rd\"}\", \"query\": \"{}\"}\n"}
{"level":"info","message":"    {\"url\": \"/users/b274d4a2-a003-44a1-9755-4345a2022332\", \"body\": \"{\"name\":\"Autotest updated TEST_USER\",\"login\":\"test_user\",\"password\":\"T35t_P@55w0rd\",\"id\":\"b274d4a2-a003-44a1-9755-4345a2022332\"}\", \"query\": \"{}\"}\n"}
{"level":"info","message":"    {\"url\": \"/users/b274d4a2-a003-44a1-9755-4345a2022332\", \"body\": \"{}\", \"query\": \"{}\"}\n"}
{"level":"info","message":"    {\"url\": \"/users/b274d4a2-a003-44a1-9755-4345a2022332\", \"body\": \"{}\", \"query\": \"{}\"}\n"}
{"message":"   Error message: user was not found. Status 500","level":"error"}
{"level":"info","message":"    {\"url\": \"/users\", \"body\": \"{\"name\":\"TEST_USER\",\"login\":\"test_user\",\"password\":\"T35t_P@55w0rd\"}\", \"query\": \"{}\"}\n"}
{"level":"info","message":"    {\"url\": \"/users/2a243fee-0076-480c-a1bc-cded429e3d2d\", \"body\": \"{}\", \"query\": \"{}\"}\n"}
{"message":"   Error message: user was not found. Status 500","level":"error"}
{"level":"info","message":"    {\"url\": \"/users\", \"body\": \"{\"name\":\"TEST_USER\",\"login\":\"test_user\",\"password\":\"T35t_P@55w0rd\"}\", \"query\": \"{}\"}\n"}
{"level":"info","message":"    {\"url\": \"/boards\", \"body\": \"{\"title\":\"Autotest board\",\"columns\":[{\"title\":\"Backlog\",\"order\":1},{\"title\":\"Sprint\",\"order\":2}]}\", \"query\": \"{}\"}\n"}
{"level":"info","message":"    {\"url\": \"/boards/ab776338-47a5-47b9-b66a-131fb2b0e139/tasks\", \"body\": \"{\"title\":\"Task #2\",\"order\":2,\"description\":\"Lorem ipsum\",\"userId\":\"ccfbd145-6145-4b40-a720-ae2830101bc2\",\"boardId\":\"ab776338-47a5-47b9-b66a-131fb2b0e139\"}\", \"query\": \"{}\"}\n"}
{"level":"info","message":"    {\"url\": \"/boards/ab776338-47a5-47b9-b66a-131fb2b0e139/tasks\", \"body\": \"{\"title\":\"Task #1\",\"order\":1,\"description\":\"Lorem ipsum\",\"userId\":\"ccfbd145-6145-4b40-a720-ae2830101bc2\",\"boardId\":\"ab776338-47a5-47b9-b66a-131fb2b0e139\"}\", \"query\": \"{}\"}\n"}
{"level":"info","message":"    {\"url\": \"/users/ccfbd145-6145-4b40-a720-ae2830101bc2\", \"body\": \"{}\", \"query\": \"{}\"}\n"}
{"message":"   Error message: user was not found. Status 500","level":"error"}
{"level":"info","message":"    {\"url\": \"/boards/ab776338-47a5-47b9-b66a-131fb2b0e139/tasks/4f8da7f0-513b-4d39-b2fb-d887958fd98b\", \"body\": \"{}\", \"query\": \"{}\"}\n"}
{"level":"info","message":"    {\"url\": \"/users\", \"body\": \"{}\", \"query\": \"{}\"}\n"}
{"level":"info","message":"    {\"url\": \"/users\", \"body\": \"{\"name\":\"TEST_USER\",\"login\":\"test_user\",\"password\":\"T35t_P@55w0rd\"}\", \"query\": \"{}\"}\n"}
{"level":"info","message":"    {\"url\": \"/users/57c648a3-2876-416c-9078-d56b83c0f157\", \"body\": \"{}\", \"query\": \"{}\"}\n"}
{"level":"info","message":"    {\"url\": \"/users/57c648a3-2876-416c-9078-d56b83c0f157\", \"body\": \"{}\", \"query\": \"{}\"}\n"}
{"message":"   Error message: user was not found. Status 500","level":"error"}
{"level":"info","message":"    {\"url\": \"/users\", \"body\": \"{\"name\":\"TEST_USER\",\"login\":\"test_user\",\"password\":\"T35t_P@55w0rd\"}\", \"query\": \"{}\"}\n"}
{"level":"info","message":"    {\"url\": \"/users/f22af5e8-0cfe-4a9b-bfbe-873bff3742a6\", \"body\": \"{}\", \"query\": \"{}\"}\n"}
{"message":"   Error message: user was not found. Status 500","level":"error"}
{"level":"info","message":"    {\"url\": \"/users\", \"body\": \"{\"name\":\"TEST_USER\",\"login\":\"test_user\",\"password\":\"T35t_P@55w0rd\"}\", \"query\": \"{}\"}\n"}
{"level":"info","message":"    {\"url\": \"/users/286565cd-ccd6-4916-900e-faa2b61bd67e\", \"body\": \"{\"name\":\"Autotest updated TEST_USER\",\"login\":\"test_user\",\"password\":\"T35t_P@55w0rd\",\"id\":\"286565cd-ccd6-4916-900e-faa2b61bd67e\"}\", \"query\": \"{}\"}\n"}
{"level":"info","message":"    {\"url\": \"/users/286565cd-ccd6-4916-900e-faa2b61bd67e\", \"body\": \"{}\", \"query\": \"{}\"}\n"}
{"level":"info","message":"    {\"url\": \"/users/286565cd-ccd6-4916-900e-faa2b61bd67e\", \"body\": \"{}\", \"query\": \"{}\"}\n"}
{"message":"   Error message: user was not found. Status 500","level":"error"}
{"level":"info","message":"    {\"url\": \"/users\", \"body\": \"{\"name\":\"TEST_USER\",\"login\":\"test_user\",\"password\":\"T35t_P@55w0rd\"}\", \"query\": \"{}\"}\n"}
{"level":"info","message":"    {\"url\": \"/users/4a36bead-316f-4455-9dc7-e0716a9a0bbe\", \"body\": \"{}\", \"query\": \"{}\"}\n"}
{"message":"   Error message: user was not found. Status 500","level":"error"}
{"level":"info","message":"    {\"url\": \"/users\", \"body\": \"{\"name\":\"TEST_USER\",\"login\":\"test_user\",\"password\":\"T35t_P@55w0rd\"}\", \"query\": \"{}\"}\n"}
{"level":"info","message":"    {\"url\": \"/boards\", \"body\": \"{\"title\":\"Autotest board\",\"columns\":[{\"title\":\"Backlog\",\"order\":1},{\"title\":\"Sprint\",\"order\":2}]}\", \"query\": \"{}\"}\n"}
{"level":"info","message":"    {\"url\": \"/boards/985b5c70-46cf-482b-93c0-d686d20e8a6f/tasks\", \"body\": \"{\"title\":\"Task #2\",\"order\":2,\"description\":\"Lorem ipsum\",\"userId\":\"137d1ce8-f655-4f0c-ba09-e1dc2945bcfa\",\"boardId\":\"985b5c70-46cf-482b-93c0-d686d20e8a6f\"}\", \"query\": \"{}\"}\n"}
{"level":"info","message":"    {\"url\": \"/boards/985b5c70-46cf-482b-93c0-d686d20e8a6f/tasks\", \"body\": \"{\"title\":\"Task #1\",\"order\":1,\"description\":\"Lorem ipsum\",\"userId\":\"137d1ce8-f655-4f0c-ba09-e1dc2945bcfa\",\"boardId\":\"985b5c70-46cf-482b-93c0-d686d20e8a6f\"}\", \"query\": \"{}\"}\n"}
{"level":"info","message":"    {\"url\": \"/users/137d1ce8-f655-4f0c-ba09-e1dc2945bcfa\", \"body\": \"{}\", \"query\": \"{}\"}\n"}
{"message":"   Error message: user was not found. Status 500","level":"error"}
{"level":"info","message":"    {\"url\": \"/boards/985b5c70-46cf-482b-93c0-d686d20e8a6f/tasks/ecdd1075-c8ad-457c-aeca-5b3df2dc979a\", \"body\": \"{}\", \"query\": \"{}\"}\n"}
{"level":"info","message":"    {\"url\": \"/users\", \"body\": \"{}\", \"query\": \"{}\"}\n"}
{"level":"info","message":"    {\"url\": \"/users\", \"body\": \"{\"name\":\"TEST_USER\",\"login\":\"test_user\",\"password\":\"T35t_P@55w0rd\"}\", \"query\": \"{}\"}\n"}
{"level":"info","message":"    {\"url\": \"/users/057c2f3b-3a0a-4f6d-a487-69cba78d304d\", \"body\": \"{}\", \"query\": \"{}\"}\n"}
{"level":"info","message":"    {\"url\": \"/users/057c2f3b-3a0a-4f6d-a487-69cba78d304d\", \"body\": \"{}\", \"query\": \"{}\"}\n"}
{"message":"   Error message: user was not found. Status 500","level":"error"}
{"level":"info","message":"    {\"url\": \"/users\", \"body\": \"{\"name\":\"TEST_USER\",\"login\":\"test_user\",\"password\":\"T35t_P@55w0rd\"}\", \"query\": \"{}\"}\n"}
{"level":"info","message":"    {\"url\": \"/users/ada0c3c6-49a1-4214-a642-617c766d8bdf\", \"body\": \"{}\", \"query\": \"{}\"}\n"}
{"message":"   Error message: user was not found. Status 500","level":"error"}
{"level":"info","message":"    {\"url\": \"/users\", \"body\": \"{\"name\":\"TEST_USER\",\"login\":\"test_user\",\"password\":\"T35t_P@55w0rd\"}\", \"query\": \"{}\"}\n"}
{"level":"info","message":"    {\"url\": \"/users/912fee9a-ae7f-4b23-8d2a-b42a3921227a\", \"body\": \"{\"name\":\"Autotest updated TEST_USER\",\"login\":\"test_user\",\"password\":\"T35t_P@55w0rd\",\"id\":\"912fee9a-ae7f-4b23-8d2a-b42a3921227a\"}\", \"query\": \"{}\"}\n"}
{"level":"info","message":"    {\"url\": \"/users/912fee9a-ae7f-4b23-8d2a-b42a3921227a\", \"body\": \"{}\", \"query\": \"{}\"}\n"}
{"level":"info","message":"    {\"url\": \"/users/912fee9a-ae7f-4b23-8d2a-b42a3921227a\", \"body\": \"{}\", \"query\": \"{}\"}\n"}
{"message":"   Error message: user was not found. Status 500","level":"error"}
{"level":"info","message":"    {\"url\": \"/users\", \"body\": \"{\"name\":\"TEST_USER\",\"login\":\"test_user\",\"password\":\"T35t_P@55w0rd\"}\", \"query\": \"{}\"}\n"}
{"level":"info","message":"    {\"url\": \"/users/636d6da9-f5a2-4da1-82e5-4a5eb224a4cb\", \"body\": \"{}\", \"query\": \"{}\"}\n"}
{"message":"   Error message: user was not found. Status 500","level":"error"}
{"level":"info","message":"    {\"url\": \"/users\", \"body\": \"{\"name\":\"TEST_USER\",\"login\":\"test_user\",\"password\":\"T35t_P@55w0rd\"}\", \"query\": \"{}\"}\n"}
{"level":"info","message":"    {\"url\": \"/boards\", \"body\": \"{\"title\":\"Autotest board\",\"columns\":[{\"title\":\"Backlog\",\"order\":1},{\"title\":\"Sprint\",\"order\":2}]}\", \"query\": \"{}\"}\n"}
{"level":"info","message":"    {\"url\": \"/boards/48f9ddda-6c2f-4710-88d2-c5ce22d71dcd/tasks\", \"body\": \"{\"title\":\"Task #1\",\"order\":1,\"description\":\"Lorem ipsum\",\"userId\":\"2f57317d-728a-4c53-9080-bea4c6b43b28\",\"boardId\":\"48f9ddda-6c2f-4710-88d2-c5ce22d71dcd\"}\", \"query\": \"{}\"}\n"}
{"level":"info","message":"    {\"url\": \"/boards/48f9ddda-6c2f-4710-88d2-c5ce22d71dcd/tasks\", \"body\": \"{\"title\":\"Task #2\",\"order\":2,\"description\":\"Lorem ipsum\",\"userId\":\"2f57317d-728a-4c53-9080-bea4c6b43b28\",\"boardId\":\"48f9ddda-6c2f-4710-88d2-c5ce22d71dcd\"}\", \"query\": \"{}\"}\n"}
{"level":"info","message":"    {\"url\": \"/users/2f57317d-728a-4c53-9080-bea4c6b43b28\", \"body\": \"{}\", \"query\": \"{}\"}\n"}
{"message":"   Error message: user was not found. Status 500","level":"error"}
{"level":"info","message":"    {\"url\": \"/boards/48f9ddda-6c2f-4710-88d2-c5ce22d71dcd/tasks/d98903b6-dd10-45d7-b42a-496b6e73dd7f\", \"body\": \"{}\", \"query\": \"{}\"}\n"}
{"level":"info","message":"    {\"url\": \"/users\", \"body\": \"{}\", \"query\": \"{}\"}\n"}
{"level":"info","message":"    {\"url\": \"/boards\", \"body\": \"{\"title\":\"Autotest board\",\"columns\":[{\"title\":\"Backlog\",\"order\":1},{\"title\":\"Sprint\",\"order\":2}]}\", \"query\": \"{}\"}\n"}
{"level":"info","message":"    {\"url\": \"/boards\", \"body\": \"{}\", \"query\": \"{}\"}\n"}
{"level":"info","message":"    {\"url\": \"/users\", \"body\": \"{\"name\":\"TEST_USER\",\"login\":\"test_user\",\"password\":\"T35t_P@55w0rd\"}\", \"query\": \"{}\"}\n"}
{"level":"info","message":"    {\"url\": \"/boards\", \"body\": \"{}\", \"query\": \"{}\"}\n"}
{"level":"info","message":"    {\"url\": \"/boards\", \"body\": \"{\"title\":\"Autotest board\",\"columns\":[{\"title\":\"Backlog\",\"order\":1},{\"title\":\"Sprint\",\"order\":2}]}\", \"query\": \"{}\"}\n"}
{"level":"info","message":"    {\"url\": \"/users/eeef127b-2499-4977-a93b-f644d99a5f07\", \"body\": \"{}\", \"query\": \"{}\"}\n"}
{"level":"info","message":"    {\"url\": \"/boards/dcc24c8f-e967-498e-9613-9b257f8bdc04\", \"body\": \"{}\", \"query\": \"{}\"}\n"}
{"level":"info","message":"    {\"url\": \"/boards/386aee5b-84ee-41df-86bc-cae8cbfb0acf/tasks\", \"body\": \"{\"title\":\"Autotest task\",\"order\":0,\"description\":\"Lorem ipsum\",\"userId\":null,\"boardId\":null,\"columnId\":null}\", \"query\": \"{}\"}\n"}
{"level":"info","message":"    {\"url\": \"/boards\", \"body\": \"{\"title\":\"Autotest board\",\"columns\":[{\"title\":\"Backlog\",\"order\":1},{\"title\":\"Sprint\",\"order\":2}]}\", \"query\": \"{}\"}\n"}
{"level":"info","message":"    {\"url\": \"/users/eeef127b-2499-4977-a93b-f644d99a5f07\", \"body\": \"{}\", \"query\": \"{}\"}\n"}
{"message":"   Error message: user was not found. Status 500","level":"error"}
{"level":"info","message":"    {\"url\": \"/boards/386aee5b-84ee-41df-86bc-cae8cbfb0acf/tasks\", \"body\": \"{}\", \"query\": \"{}\"}\n"}
{"level":"info","message":"    {\"url\": \"/boards/386aee5b-84ee-41df-86bc-cae8cbfb0acf/tasks\", \"body\": \"{}\", \"query\": \"{}\"}\n"}
{"level":"info","message":"    {\"url\": \"/users\", \"body\": \"{\"name\":\"TEST_USER\",\"login\":\"test_user\",\"password\":\"T35t_P@55w0rd\"}\", \"query\": \"{}\"}\n"}
{"level":"info","message":"    {\"url\": \"/boards/54816721-1f76-41f5-a69a-50d661088806\", \"body\": \"{}\", \"query\": \"{}\"}\n"}
{"level":"info","message":"    {\"url\": \"/boards/213124124/tasks/31dd240d-d934-4f30-a158-22280e0b9186\", \"body\": \"{}\", \"query\": \"{}\"}\n"}
{"level":"info","message":"    {\"url\": \"/users/e3c71472-0d78-432e-8069-30ed816b7aa0\", \"body\": \"{}\", \"query\": \"{}\"}\n"}
{"message":"   Error message: user was not found. Status 500","level":"error"}
{"level":"info","message":"    {\"url\": \"/boards\", \"body\": \"{\"title\":\"Autotest board\",\"columns\":[{\"title\":\"Backlog\",\"order\":1},{\"title\":\"Sprint\",\"order\":2}]}\", \"query\": \"{}\"}\n"}
{"level":"info","message":"    {\"url\": \"/boards/386aee5b-84ee-41df-86bc-cae8cbfb0acf/tasks\", \"body\": \"{\"title\":\"Autotest task\",\"order\":0,\"description\":\"Lorem ipsum\",\"userId\":null,\"boardId\":null,\"columnId\":null}\", \"query\": \"{}\"}\n"}
{"level":"info","message":"    {\"url\": \"/boards/ed54981b-d0ef-4d8a-9574-540d13d61fe3\", \"body\": \"{\"columns\":[{\"title\":\"Backlog\",\"order\":1},{\"title\":\"Sprint\",\"order\":2}],\"title\":\"Autotest updated board\",\"id\":\"ed54981b-d0ef-4d8a-9574-540d13d61fe3\"}\", \"query\": \"{}\"}\n"}
{"level":"info","message":"    {\"url\": \"/users\", \"body\": \"{\"name\":\"TEST_USER\",\"login\":\"test_user\",\"password\":\"T35t_P@55w0rd\"}\", \"query\": \"{}\"}\n"}
{"level":"info","message":"    {\"url\": \"/boards/386aee5b-84ee-41df-86bc-cae8cbfb0acf/tasks/4b279ee4-01b4-4995-b245-943d91e8f295\", \"body\": \"{}\", \"query\": \"{}\"}\n"}
{"level":"info","message":"    {\"url\": \"/boards/ed54981b-d0ef-4d8a-9574-540d13d61fe3\", \"body\": \"{}\", \"query\": \"{}\"}\n"}
{"level":"info","message":"    {\"url\": \"/users/bf259431-8bca-4665-a626-cc66ee169c5c\", \"body\": \"{\"name\":\"Autotest updated TEST_USER\",\"login\":\"test_user\",\"password\":\"T35t_P@55w0rd\",\"id\":\"bf259431-8bca-4665-a626-cc66ee169c5c\"}\", \"query\": \"{}\"}\n"}
{"level":"info","message":"    {\"url\": \"/boards/386aee5b-84ee-41df-86bc-cae8cbfb0acf/tasks\", \"body\": \"{\"title\":\"Autotest task\",\"order\":0,\"description\":\"Lorem ipsum\",\"userId\":null,\"boardId\":null,\"columnId\":null}\", \"query\": \"{}\"}\n"}
{"level":"info","message":"    {\"url\": \"/users/bf259431-8bca-4665-a626-cc66ee169c5c\", \"body\": \"{}\", \"query\": \"{}\"}\n"}
{"level":"info","message":"    {\"url\": \"/boards/386aee5b-84ee-41df-86bc-cae8cbfb0acf/tasks/e63d51b6-f7f2-4a1b-90ce-c5a6e3a5a2bd\", \"body\": \"{\"title\":\"Autotest updated task\",\"order\":0,\"description\":\"Lorem ipsum\",\"userId\":null,\"boardId\":\"386aee5b-84ee-41df-86bc-cae8cbfb0acf\",\"columnId\":null,\"id\":\"e63d51b6-f7f2-4a1b-90ce-c5a6e3a5a2bd\"}\", \"query\": \"{}\"}\n"}
{"level":"info","message":"    {\"url\": \"/boards/ed54981b-d0ef-4d8a-9574-540d13d61fe3\", \"body\": \"{}\", \"query\": \"{}\"}\n"}
{"level":"info","message":"    {\"url\": \"/boards/386aee5b-84ee-41df-86bc-cae8cbfb0acf/tasks/e63d51b6-f7f2-4a1b-90ce-c5a6e3a5a2bd\", \"body\": \"{}\", \"query\": \"{}\"}\n"}
{"level":"info","message":"    {\"url\": \"/users/bf259431-8bca-4665-a626-cc66ee169c5c\", \"body\": \"{}\", \"query\": \"{}\"}\n"}
{"message":"   Error message: user was not found. Status 500","level":"error"}
{"level":"info","message":"    {\"url\": \"/boards\", \"body\": \"{}\", \"query\": \"{}\"}\n"}
{"level":"info","message":"    {\"url\": \"/boards/386aee5b-84ee-41df-86bc-cae8cbfb0acf/tasks/29a4201a-c46f-4317-9bf8-b25587d07747\", \"body\": \"{}\", \"query\": \"{}\"}\n"}
{"level":"info","message":"    {\"url\": \"/users\", \"body\": \"{\"name\":\"TEST_USER\",\"login\":\"test_user\",\"password\":\"T35t_P@55w0rd\"}\", \"query\": \"{}\"}\n"}
{"level":"info","message":"    {\"url\": \"/boards/386aee5b-84ee-41df-86bc-cae8cbfb0acf/tasks/29a4201a-c46f-4317-9bf8-b25587d07747\", \"body\": \"{}\", \"query\": \"{}\"}\n"}
{"level":"info","message":"    {\"url\": \"/boards/dcc24c8f-e967-498e-9613-9b257f8bdc04\", \"body\": \"{}\", \"query\": \"{}\"}\n"}
{"message":"   Error message: Not Found. Status 404","level":"error"}
{"level":"info","message":"    {\"url\": \"/boards/386aee5b-84ee-41df-86bc-cae8cbfb0acf/tasks/29a4201a-c46f-4317-9bf8-b25587d07747\", \"body\": \"{}\", \"query\": \"{}\"}\n"}
{"message":"   Error message: Not Found. Status 404","level":"error"}
{"level":"info","message":"    {\"url\": \"/boards/dcc24c8f-e967-498e-9613-9b257f8bdc04\", \"body\": \"{}\", \"query\": \"{}\"}\n"}
{"level":"info","message":"    {\"url\": \"/users/def4e54c-1d99-4f02-896d-2607de6c2d8e\", \"body\": \"{}\", \"query\": \"{}\"}\n"}
{"message":"   Error message: user was not found. Status 500","level":"error"}
{"level":"info","message":"    {\"url\": \"/boards\", \"body\": \"{\"title\":\"Autotest board\",\"columns\":[{\"title\":\"Backlog\",\"order\":1},{\"title\":\"Sprint\",\"order\":2}]}\", \"query\": \"{}\"}\n"}
{"level":"info","message":"    {\"url\": \"/users\", \"body\": \"{\"name\":\"TEST_USER\",\"login\":\"test_user\",\"password\":\"T35t_P@55w0rd\"}\", \"query\": \"{}\"}\n"}
{"level":"info","message":"    {\"url\": \"/boards/386aee5b-84ee-41df-86bc-cae8cbfb0acf\", \"body\": \"{}\", \"query\": \"{}\"}\n"}
{"level":"info","message":"    {\"url\": \"/boards/1cb79ddb-a88f-472a-b224-6b3ed5c1adef/tasks\", \"body\": \"{\"title\":\"Task #1\",\"order\":1,\"description\":\"Lorem ipsum\",\"boardId\":\"1cb79ddb-a88f-472a-b224-6b3ed5c1adef\",\"userId\":null,\"columnId\":null}\", \"query\": \"{}\"}\n"}
{"level":"info","message":"    {\"url\": \"/boards/1cb79ddb-a88f-472a-b224-6b3ed5c1adef/tasks\", \"body\": \"{\"title\":\"Task #2\",\"order\":2,\"description\":\"Lorem ipsum\",\"boardId\":\"1cb79ddb-a88f-472a-b224-6b3ed5c1adef\",\"userId\":null,\"columnId\":null}\", \"query\": \"{}\"}\n"}
{"level":"info","message":"    {\"url\": \"/boards/1cb79ddb-a88f-472a-b224-6b3ed5c1adef/tasks\", \"body\": \"{\"title\":\"Task #4\",\"order\":4,\"description\":\"Lorem ipsum\",\"boardId\":\"1cb79ddb-a88f-472a-b224-6b3ed5c1adef\",\"userId\":null,\"columnId\":null}\", \"query\": \"{}\"}\n"}
{"level":"info","message":"    {\"url\": \"/boards/1cb79ddb-a88f-472a-b224-6b3ed5c1adef/tasks\", \"body\": \"{\"title\":\"Task #3\",\"order\":3,\"description\":\"Lorem ipsum\",\"boardId\":\"1cb79ddb-a88f-472a-b224-6b3ed5c1adef\",\"userId\":null,\"columnId\":null}\", \"query\": \"{}\"}\n"}
{"level":"info","message":"    {\"url\": \"/boards/1cb79ddb-a88f-472a-b224-6b3ed5c1adef/tasks\", \"body\": \"{\"title\":\"Task #5\",\"order\":5,\"description\":\"Lorem ipsum\",\"boardId\":\"1cb79ddb-a88f-472a-b224-6b3ed5c1adef\",\"userId\":null,\"columnId\":null}\", \"query\": \"{}\"}\n"}
{"level":"info","message":"    {\"url\": \"/boards\", \"body\": \"{\"title\":\"Autotest board\",\"columns\":[{\"title\":\"Backlog\",\"order\":1},{\"title\":\"Sprint\",\"order\":2}]}\", \"query\": \"{}\"}\n"}
{"level":"info","message":"    {\"url\": \"/boards/1cb79ddb-a88f-472a-b224-6b3ed5c1adef/tasks/779d82bf-0279-4963-8680-c7939e0c69ed\", \"body\": \"{}\", \"query\": \"{}\"}\n"}
{"level":"info","message":"    {\"url\": \"/boards/1cb79ddb-a88f-472a-b224-6b3ed5c1adef/tasks/3405fba7-1a14-453a-8b13-d9e89e3107ba\", \"body\": \"{}\", \"query\": \"{}\"}\n"}
{"level":"info","message":"    {\"url\": \"/boards/1cb79ddb-a88f-472a-b224-6b3ed5c1adef/tasks/9aa5b81b-465b-4585-9846-ab5caa74f93a\", \"body\": \"{}\", \"query\": \"{}\"}\n"}
{"level":"info","message":"    {\"url\": \"/boards/1cb79ddb-a88f-472a-b224-6b3ed5c1adef/tasks/f8005d80-0d5c-49e9-ba41-cf52d1da6879\", \"body\": \"{}\", \"query\": \"{}\"}\n"}
{"level":"info","message":"    {\"url\": \"/boards/1cb79ddb-a88f-472a-b224-6b3ed5c1adef/tasks/74479fc1-52e8-42e4-b822-ca23eedb1146\", \"body\": \"{}\", \"query\": \"{}\"}\n"}
{"level":"info","message":"    {\"url\": \"/boards/1351eee1-0552-43ce-b28a-561482fb5029/tasks\", \"body\": \"{\"title\":\"Task #2\",\"order\":2,\"description\":\"Lorem ipsum\",\"userId\":\"87f1f65b-db34-48ce-974b-b49f7a63b835\",\"boardId\":\"1351eee1-0552-43ce-b28a-561482fb5029\"}\", \"query\": \"{}\"}\n"}
{"level":"info","message":"    {\"url\": \"/boards/1351eee1-0552-43ce-b28a-561482fb5029/tasks\", \"body\": \"{\"title\":\"Task #1\",\"order\":1,\"description\":\"Lorem ipsum\",\"userId\":\"87f1f65b-db34-48ce-974b-b49f7a63b835\",\"boardId\":\"1351eee1-0552-43ce-b28a-561482fb5029\"}\", \"query\": \"{}\"}\n"}
{"level":"info","message":"    {\"url\": \"/boards/1cb79ddb-a88f-472a-b224-6b3ed5c1adef\", \"body\": \"{}\", \"query\": \"{}\"}\n"}
{"level":"info","message":"    {\"url\": \"/users/87f1f65b-db34-48ce-974b-b49f7a63b835\", \"body\": \"{}\", \"query\": \"{}\"}\n"}
{"message":"   Error message: user was not found. Status 500","level":"error"}
{"message":"   Error message: Not Found. Status 404","level":"error"}
{"level":"info","message":"    {\"url\": \"/boards/1cb79ddb-a88f-472a-b224-6b3ed5c1adef/tasks/9aa5b81b-465b-4585-9846-ab5caa74f93a\", \"body\": \"{}\", \"query\": \"{}\"}\n"}
{"message":"   Error message: Not Found. Status 404","level":"error"}
{"level":"info","message":"    {\"url\": \"/boards/1cb79ddb-a88f-472a-b224-6b3ed5c1adef/tasks/3405fba7-1a14-453a-8b13-d9e89e3107ba\", \"body\": \"{}\", \"query\": \"{}\"}\n"}
{"message":"   Error message: Not Found. Status 404","level":"error"}
{"level":"info","message":"    {\"url\": \"/boards/1cb79ddb-a88f-472a-b224-6b3ed5c1adef/tasks/779d82bf-0279-4963-8680-c7939e0c69ed\", \"body\": \"{}\", \"query\": \"{}\"}\n"}
{"message":"   Error message: Not Found. Status 404","level":"error"}
{"level":"info","message":"    {\"url\": \"/boards/1cb79ddb-a88f-472a-b224-6b3ed5c1adef/tasks/74479fc1-52e8-42e4-b822-ca23eedb1146\", \"body\": \"{}\", \"query\": \"{}\"}\n"}
{"message":"   Error message: Not Found. Status 404","level":"error"}
{"level":"info","message":"    {\"url\": \"/boards/1cb79ddb-a88f-472a-b224-6b3ed5c1adef/tasks/f8005d80-0d5c-49e9-ba41-cf52d1da6879\", \"body\": \"{}\", \"query\": \"{}\"}\n"}
{"level":"info","message":"    {\"url\": \"/boards/1351eee1-0552-43ce-b28a-561482fb5029/tasks/b05c9084-9812-4fb5-865d-b22a34f94696\", \"body\": \"{}\", \"query\": \"{}\"}\n"}
{"level":"info","message":"    {\"url\": \"/users\", \"body\": \"{}\", \"query\": \"{}\"}\n"}
{"level":"info","message":"    {\"url\": \"/boards\", \"body\": \"{\"title\":\"Autotest board\",\"columns\":[{\"title\":\"Backlog\",\"order\":1},{\"title\":\"Sprint\",\"order\":2}]}\", \"query\": \"{}\"}\n"}
{"level":"info","message":"    {\"url\": \"/boards\", \"body\": \"{\"title\":\"Autotest board\",\"columns\":[{\"title\":\"Backlog\",\"order\":1},{\"title\":\"Sprint\",\"order\":2}]}\", \"query\": \"{}\"}\n"}
{"level":"info","message":"    {\"url\": \"/users\", \"body\": \"{\"name\":\"TEST_USER\",\"login\":\"test_user\",\"password\":\"T35t_P@55w0rd\"}\", \"query\": \"{}\"}\n"}
{"level":"info","message":"    {\"url\": \"/boards\", \"body\": \"{}\", \"query\": \"{}\"}\n"}
{"level":"info","message":"    {\"url\": \"/boards/bd9360cf-f1aa-4053-bacb-48119538ab98/tasks\", \"body\": \"{\"title\":\"Autotest task\",\"order\":0,\"description\":\"Lorem ipsum\",\"userId\":null,\"boardId\":null,\"columnId\":null}\", \"query\": \"{}\"}\n"}
{"level":"info","message":"    {\"url\": \"/users/3440d2f1-552e-4a9a-b98b-af73e8b2769d\", \"body\": \"{}\", \"query\": \"{}\"}\n"}
{"level":"info","message":"    {\"url\": \"/boards\", \"body\": \"{}\", \"query\": \"{}\"}\n"}
{"level":"info","message":"    {\"url\": \"/boards/0f2108e5-204d-4295-8f1d-be543ec9376c\", \"body\": \"{}\", \"query\": \"{}\"}\n"}
{"level":"info","message":"    {\"url\": \"/boards/bd9360cf-f1aa-4053-bacb-48119538ab98/tasks\", \"body\": \"{}\", \"query\": \"{}\"}\n"}
{"level":"info","message":"    {\"url\": \"/users/3440d2f1-552e-4a9a-b98b-af73e8b2769d\", \"body\": \"{}\", \"query\": \"{}\"}\n"}
{"message":"   Error message: user was not found. Status 500","level":"error"}
{"level":"info","message":"    {\"url\": \"/boards\", \"body\": \"{\"title\":\"Autotest board\",\"columns\":[{\"title\":\"Backlog\",\"order\":1},{\"title\":\"Sprint\",\"order\":2}]}\", \"query\": \"{}\"}\n"}
{"level":"info","message":"    {\"url\": \"/boards/bd9360cf-f1aa-4053-bacb-48119538ab98/tasks\", \"body\": \"{}\", \"query\": \"{}\"}\n"}
{"level":"info","message":"    {\"url\": \"/users\", \"body\": \"{\"name\":\"TEST_USER\",\"login\":\"test_user\",\"password\":\"T35t_P@55w0rd\"}\", \"query\": \"{}\"}\n"}
{"level":"info","message":"    {\"url\": \"/boards/213124124/tasks/31dd240d-d934-4f30-a158-22280e0b9186\", \"body\": \"{}\", \"query\": \"{}\"}\n"}
{"level":"info","message":"    {\"url\": \"/boards/634b15a8-18db-4113-8f79-c58c922a97c2\", \"body\": \"{}\", \"query\": \"{}\"}\n"}
{"level":"info","message":"    {\"url\": \"/users/002e4036-1cd5-4e1b-a53c-261f236eec8e\", \"body\": \"{}\", \"query\": \"{}\"}\n"}
{"message":"   Error message: user was not found. Status 500","level":"error"}
{"level":"info","message":"    {\"url\": \"/boards/bd9360cf-f1aa-4053-bacb-48119538ab98/tasks\", \"body\": \"{\"title\":\"Autotest task\",\"order\":0,\"description\":\"Lorem ipsum\",\"userId\":null,\"boardId\":null,\"columnId\":null}\", \"query\": \"{}\"}\n"}
{"level":"info","message":"    {\"url\": \"/boards\", \"body\": \"{\"title\":\"Autotest board\",\"columns\":[{\"title\":\"Backlog\",\"order\":1},{\"title\":\"Sprint\",\"order\":2}]}\", \"query\": \"{}\"}\n"}
{"level":"info","message":"    {\"url\": \"/users\", \"body\": \"{\"name\":\"TEST_USER\",\"login\":\"test_user\",\"password\":\"T35t_P@55w0rd\"}\", \"query\": \"{}\"}\n"}
{"level":"info","message":"    {\"url\": \"/boards/bd9360cf-f1aa-4053-bacb-48119538ab98/tasks/9cb646cb-1d4f-4e45-bf76-93258e378d5e\", \"body\": \"{}\", \"query\": \"{}\"}\n"}
{"level":"info","message":"    {\"url\": \"/boards/46efef67-f9d3-421f-99ba-53f4d323b487\", \"body\": \"{\"columns\":[{\"title\":\"Backlog\",\"order\":1},{\"title\":\"Sprint\",\"order\":2}],\"title\":\"Autotest updated board\",\"id\":\"46efef67-f9d3-421f-99ba-53f4d323b487\"}\", \"query\": \"{}\"}\n"}
{"level":"info","message":"    {\"url\": \"/users/15f12761-04cd-4795-8a2e-c534344da5ed\", \"body\": \"{\"name\":\"Autotest updated TEST_USER\",\"login\":\"test_user\",\"password\":\"T35t_P@55w0rd\",\"id\":\"15f12761-04cd-4795-8a2e-c534344da5ed\"}\", \"query\": \"{}\"}\n"}
{"level":"info","message":"    {\"url\": \"/boards/46efef67-f9d3-421f-99ba-53f4d323b487\", \"body\": \"{}\", \"query\": \"{}\"}\n"}
{"level":"info","message":"    {\"url\": \"/users/15f12761-04cd-4795-8a2e-c534344da5ed\", \"body\": \"{}\", \"query\": \"{}\"}\n"}
{"level":"info","message":"    {\"url\": \"/boards/bd9360cf-f1aa-4053-bacb-48119538ab98/tasks\", \"body\": \"{\"title\":\"Autotest task\",\"order\":0,\"description\":\"Lorem ipsum\",\"userId\":null,\"boardId\":null,\"columnId\":null}\", \"query\": \"{}\"}\n"}
{"level":"info","message":"    {\"url\": \"/boards/bd9360cf-f1aa-4053-bacb-48119538ab98/tasks/4f4261dd-0350-42f8-a137-7fbe48f26c43\", \"body\": \"{\"title\":\"Autotest updated task\",\"order\":0,\"description\":\"Lorem ipsum\",\"userId\":null,\"boardId\":\"bd9360cf-f1aa-4053-bacb-48119538ab98\",\"columnId\":null,\"id\":\"4f4261dd-0350-42f8-a137-7fbe48f26c43\"}\", \"query\": \"{}\"}\n"}
{"level":"info","message":"    {\"url\": \"/boards/46efef67-f9d3-421f-99ba-53f4d323b487\", \"body\": \"{}\", \"query\": \"{}\"}\n"}
{"level":"info","message":"    {\"url\": \"/users/15f12761-04cd-4795-8a2e-c534344da5ed\", \"body\": \"{}\", \"query\": \"{}\"}\n"}
{"message":"   Error message: user was not found. Status 500","level":"error"}
{"level":"info","message":"    {\"url\": \"/boards/bd9360cf-f1aa-4053-bacb-48119538ab98/tasks/4f4261dd-0350-42f8-a137-7fbe48f26c43\", \"body\": \"{}\", \"query\": \"{}\"}\n"}
{"level":"info","message":"    {\"url\": \"/boards\", \"body\": \"{}\", \"query\": \"{}\"}\n"}
{"level":"info","message":"    {\"url\": \"/boards/bd9360cf-f1aa-4053-bacb-48119538ab98/tasks/b656b996-d3ba-4693-9c0a-76ed7aa6c39d\", \"body\": \"{}\", \"query\": \"{}\"}\n"}
{"level":"info","message":"    {\"url\": \"/users\", \"body\": \"{\"name\":\"TEST_USER\",\"login\":\"test_user\",\"password\":\"T35t_P@55w0rd\"}\", \"query\": \"{}\"}\n"}
{"level":"info","message":"    {\"url\": \"/boards/0f2108e5-204d-4295-8f1d-be543ec9376c\", \"body\": \"{}\", \"query\": \"{}\"}\n"}
{"level":"info","message":"    {\"url\": \"/boards/bd9360cf-f1aa-4053-bacb-48119538ab98/tasks/b656b996-d3ba-4693-9c0a-76ed7aa6c39d\", \"body\": \"{}\", \"query\": \"{}\"}\n"}
{"message":"   Error message: Not Found. Status 404","level":"error"}
{"level":"info","message":"    {\"url\": \"/boards/0f2108e5-204d-4295-8f1d-be543ec9376c\", \"body\": \"{}\", \"query\": \"{}\"}\n"}
{"message":"   Error message: Not Found. Status 404","level":"error"}
{"level":"info","message":"    {\"url\": \"/boards/bd9360cf-f1aa-4053-bacb-48119538ab98/tasks/b656b996-d3ba-4693-9c0a-76ed7aa6c39d\", \"body\": \"{}\", \"query\": \"{}\"}\n"}
{"level":"info","message":"    {\"url\": \"/users/b687ef7f-208e-446f-b7b8-702f157a753a\", \"body\": \"{}\", \"query\": \"{}\"}\n"}
{"message":"   Error message: user was not found. Status 500","level":"error"}
{"level":"info","message":"    {\"url\": \"/boards\", \"body\": \"{\"title\":\"Autotest board\",\"columns\":[{\"title\":\"Backlog\",\"order\":1},{\"title\":\"Sprint\",\"order\":2}]}\", \"query\": \"{}\"}\n"}
{"level":"info","message":"    {\"url\": \"/users\", \"body\": \"{\"name\":\"TEST_USER\",\"login\":\"test_user\",\"password\":\"T35t_P@55w0rd\"}\", \"query\": \"{}\"}\n"}
{"level":"info","message":"    {\"url\": \"/boards/bd9360cf-f1aa-4053-bacb-48119538ab98\", \"body\": \"{}\", \"query\": \"{}\"}\n"}
{"level":"info","message":"    {\"url\": \"/boards/b5ef521c-6788-4f0b-a518-c1f688a8ea68/tasks\", \"body\": \"{\"title\":\"Task #1\",\"order\":1,\"description\":\"Lorem ipsum\",\"boardId\":\"b5ef521c-6788-4f0b-a518-c1f688a8ea68\",\"userId\":null,\"columnId\":null}\", \"query\": \"{}\"}\n"}
{"level":"info","message":"    {\"url\": \"/boards/b5ef521c-6788-4f0b-a518-c1f688a8ea68/tasks\", \"body\": \"{\"title\":\"Task #3\",\"order\":3,\"description\":\"Lorem ipsum\",\"boardId\":\"b5ef521c-6788-4f0b-a518-c1f688a8ea68\",\"userId\":null,\"columnId\":null}\", \"query\": \"{}\"}\n"}
{"level":"info","message":"    {\"url\": \"/boards/b5ef521c-6788-4f0b-a518-c1f688a8ea68/tasks\", \"body\": \"{\"title\":\"Task #2\",\"order\":2,\"description\":\"Lorem ipsum\",\"boardId\":\"b5ef521c-6788-4f0b-a518-c1f688a8ea68\",\"userId\":null,\"columnId\":null}\", \"query\": \"{}\"}\n"}
{"level":"info","message":"    {\"url\": \"/boards/b5ef521c-6788-4f0b-a518-c1f688a8ea68/tasks\", \"body\": \"{\"title\":\"Task #5\",\"order\":5,\"description\":\"Lorem ipsum\",\"boardId\":\"b5ef521c-6788-4f0b-a518-c1f688a8ea68\",\"userId\":null,\"columnId\":null}\", \"query\": \"{}\"}\n"}
{"level":"info","message":"    {\"url\": \"/boards\", \"body\": \"{\"title\":\"Autotest board\",\"columns\":[{\"title\":\"Backlog\",\"order\":1},{\"title\":\"Sprint\",\"order\":2}]}\", \"query\": \"{}\"}\n"}
{"level":"info","message":"    {\"url\": \"/boards/b5ef521c-6788-4f0b-a518-c1f688a8ea68/tasks\", \"body\": \"{\"title\":\"Task #4\",\"order\":4,\"description\":\"Lorem ipsum\",\"boardId\":\"b5ef521c-6788-4f0b-a518-c1f688a8ea68\",\"userId\":null,\"columnId\":null}\", \"query\": \"{}\"}\n"}
{"level":"info","message":"    {\"url\": \"/boards/9628b2bb-46d2-4960-ba17-190875864ef8/tasks\", \"body\": \"{\"title\":\"Task #2\",\"order\":2,\"description\":\"Lorem ipsum\",\"userId\":\"ac7aa502-eb78-4b08-8d16-500e558e7105\",\"boardId\":\"9628b2bb-46d2-4960-ba17-190875864ef8\"}\", \"query\": \"{}\"}\n"}
{"level":"info","message":"    {\"url\": \"/boards/9628b2bb-46d2-4960-ba17-190875864ef8/tasks\", \"body\": \"{\"title\":\"Task #1\",\"order\":1,\"description\":\"Lorem ipsum\",\"userId\":\"ac7aa502-eb78-4b08-8d16-500e558e7105\",\"boardId\":\"9628b2bb-46d2-4960-ba17-190875864ef8\"}\", \"query\": \"{}\"}\n"}
{"level":"info","message":"    {\"url\": \"/boards/b5ef521c-6788-4f0b-a518-c1f688a8ea68/tasks/c7d33696-7f53-463a-a8fb-0fdf2fdf3036\", \"body\": \"{}\", \"query\": \"{}\"}\n"}
{"level":"info","message":"    {\"url\": \"/boards/b5ef521c-6788-4f0b-a518-c1f688a8ea68/tasks/549ea883-eaad-4ba7-9f5d-88c028ece8cf\", \"body\": \"{}\", \"query\": \"{}\"}\n"}
{"level":"info","message":"    {\"url\": \"/boards/b5ef521c-6788-4f0b-a518-c1f688a8ea68/tasks/816346fb-c4a0-448b-8714-e3c0d16b84a2\", \"body\": \"{}\", \"query\": \"{}\"}\n"}
{"level":"info","message":"    {\"url\": \"/boards/b5ef521c-6788-4f0b-a518-c1f688a8ea68/tasks/11a2c6bc-31e4-4c7d-ae11-6cd747857159\", \"body\": \"{}\", \"query\": \"{}\"}\n"}
{"level":"info","message":"    {\"url\": \"/boards/b5ef521c-6788-4f0b-a518-c1f688a8ea68/tasks/81d9480c-3298-4cab-b8a1-2f8739514a83\", \"body\": \"{}\", \"query\": \"{}\"}\n"}
{"level":"info","message":"    {\"url\": \"/users/ac7aa502-eb78-4b08-8d16-500e558e7105\", \"body\": \"{}\", \"query\": \"{}\"}\n"}
{"message":"   Error message: user was not found. Status 500","level":"error"}
{"level":"info","message":"    {\"url\": \"/boards/b5ef521c-6788-4f0b-a518-c1f688a8ea68\", \"body\": \"{}\", \"query\": \"{}\"}\n"}
{"level":"info","message":"    {\"url\": \"/boards/9628b2bb-46d2-4960-ba17-190875864ef8/tasks/0c8140eb-89c9-4cb7-ae50-8867276b528f\", \"body\": \"{}\", \"query\": \"{}\"}\n"}
{"level":"info","message":"    {\"url\": \"/boards/b5ef521c-6788-4f0b-a518-c1f688a8ea68/tasks/c7d33696-7f53-463a-a8fb-0fdf2fdf3036\", \"body\": \"{}\", \"query\": \"{}\"}\n"}
{"message":"   Error message: Not Found. Status 404","level":"error"}
{"level":"info","message":"    {\"url\": \"/boards/b5ef521c-6788-4f0b-a518-c1f688a8ea68/tasks/549ea883-eaad-4ba7-9f5d-88c028ece8cf\", \"body\": \"{}\", \"query\": \"{}\"}\n"}
{"message":"   Error message: Not Found. Status 404","level":"error"}
{"level":"info","message":"    {\"url\": \"/boards/b5ef521c-6788-4f0b-a518-c1f688a8ea68/tasks/816346fb-c4a0-448b-8714-e3c0d16b84a2\", \"body\": \"{}\", \"query\": \"{}\"}\n"}
{"level":"info","message":"    {\"url\": \"/boards/b5ef521c-6788-4f0b-a518-c1f688a8ea68/tasks/81d9480c-3298-4cab-b8a1-2f8739514a83\", \"body\": \"{}\", \"query\": \"{}\"}\n"}
{"level":"info","message":"    {\"url\": \"/boards/b5ef521c-6788-4f0b-a518-c1f688a8ea68/tasks/11a2c6bc-31e4-4c7d-ae11-6cd747857159\", \"body\": \"{}\", \"query\": \"{}\"}\n"}
{"message":"   Error message: Not Found. Status 404","level":"error"}
{"message":"   Error message: Not Found. Status 404","level":"error"}
